[2025-04-10T18:26:50.177Z] [ERROR] [USER:67f7806ea06ea60a74247617] ❌ Initial processing failed: Invalid credentials (Failure)
[2025-04-10T18:30:00.478Z] [INFO] [USER:67f7806ea06ea60a74247617] ⏰ Running scheduled email check
[2025-04-10T18:30:01.490Z] [ERROR] [USER:67f7806ea06ea60a74247617] ❌ Scheduled job failed: Invalid credentials (Failure)
[2025-04-10T18:35:00.500Z] [INFO] [USER:67f7806ea06ea60a74247617] ⏰ Running scheduled email check
[2025-04-10T18:35:01.418Z] [ERROR] [USER:67f7806ea06ea60a74247617] ❌ Scheduled job failed: Invalid credentials (Failure)
[2025-04-10T18:40:00.531Z] [INFO] [USER:67f7806ea06ea60a74247617] ⏰ Running scheduled email check
[2025-04-10T18:40:01.641Z] [ERROR] [USER:67f7806ea06ea60a74247617] ❌ Scheduled job failed: Invalid credentials (Failure)
[2025-04-10T18:45:00.450Z] [INFO] [USER:67f7806ea06ea60a74247617] ⏰ Running scheduled email check
[2025-04-10T18:45:01.549Z] [ERROR] [USER:67f7806ea06ea60a74247617] ❌ Scheduled job failed: Invalid credentials (Failure)
[2025-04-10T18:53:52.562Z] [INFO] [USER:67f779c498465c069fa91ad5] 🚀 Initial processing completed: 0 invoices
[2025-04-10T18:54:47.977Z] [INFO] [USER:67f779c498465c069fa91ad5] 🚀 Initial processing completed: 0 invoices
[2025-04-10T18:55:00.203Z] [INFO] [USER:67f779c498465c069fa91ad5] ⏰ Running scheduled email check
[2025-04-10T18:55:02.248Z] [INFO] [USER:67f779c498465c069fa91ad5] 🎉 Processed 0 invoices
[2025-04-10T18:56:00.571Z] [INFO] [USER:67f779c498465c069fa91ad5] ⏰ Running scheduled email check
[2025-04-10T18:56:03.259Z] [INFO] [USER:67f779c498465c069fa91ad5] 🎉 Processed 0 invoices
[2025-04-10T18:56:03.274Z] [INFO] [USER:67f779c498465c069fa91ad5] 📎 Processing attachment: invoice-a00121234-netplus-ujwal.pdf
[2025-04-10T18:56:03.483Z] [INFO] [USER:67f779c498465c069fa91ad5] ✅ Invoice saved: 67f81443b02d84c175231ac5
[2025-04-10T21:11:53.263Z] [INFO] [USER:67f779c498465c069fa91ad5] 📧 Found invoice-related content in email body
[2025-04-10T21:11:53.269Z] [ERROR] [USER:67f779c498465c069fa91ad5] ❌ Invoice save failed: Missing invoice number
[2025-04-10T21:11:53.541Z] [INFO] [USER:67f779c498465c069fa91ad5] 🚀 Initial processing completed: 0 invoices
[2025-04-10T21:12:00.209Z] [INFO] [USER:67f779c498465c069fa91ad5] ⏰ Running scheduled email check
[2025-04-10T21:12:02.160Z] [INFO] [USER:67f779c498465c069fa91ad5] 🎉 Processed 0 invoices
[2025-04-10T21:13:00.702Z] [INFO] [USER:67f779c498465c069fa91ad5] ⏰ Running scheduled email check
[2025-04-10T21:13:03.273Z] [INFO] [USER:67f779c498465c069fa91ad5] 🎉 Processed 0 invoices
[2025-04-10T21:13:03.278Z] [INFO] [USER:67f779c498465c069fa91ad5] 📎 Processing attachment: invoice-a00121234-netplus-ujwal.pdf
[2025-04-10T21:13:03.570Z] [ERROR] [USER:67f779c498465c069fa91ad5] ❌ Invoice save failed: Invoice validation failed: amounts.tax.cgst: Cast to Number failed for value "NaN" (type number) at path "cgst", amounts.tax.sgst: Cast to Number failed for value "NaN" (type number) at path "sgst", amounts.total: Cast to Number failed for value "NaN" (type number) at path "amounts.total"
[2025-04-10T21:14:00.245Z] [INFO] [USER:67f779c498465c069fa91ad5] ⏰ Running scheduled email check
[2025-04-10T21:14:02.410Z] [INFO] [USER:67f779c498465c069fa91ad5] 🎉 Processed 0 invoices
[2025-04-10T21:15:00.769Z] [INFO] [USER:67f779c498465c069fa91ad5] ⏰ Running scheduled email check
[2025-04-10T21:15:02.740Z] [INFO] [USER:67f779c498465c069fa91ad5] 🎉 Processed 0 invoices
[2025-04-10T21:16:00.318Z] [INFO] [USER:67f779c498465c069fa91ad5] ⏰ Running scheduled email check
[2025-04-10T21:17:00.129Z] [INFO] [USER:67f779c498465c069fa91ad5] 🚀 Initial processing completed: 0 invoices
[2025-04-10T21:17:00.255Z] [INFO] [USER:67f779c498465c069fa91ad5] ⏰ Running scheduled email check
[2025-04-10T21:17:02.264Z] [INFO] [USER:67f779c498465c069fa91ad5] 🎉 Processed 0 invoices
[2025-04-10T21:18:00.688Z] [INFO] [USER:67f779c498465c069fa91ad5] ⏰ Running scheduled email check
[2025-04-10T21:18:03.302Z] [INFO] [USER:67f779c498465c069fa91ad5] 🎉 Processed 0 invoices
[2025-04-10T21:18:03.329Z] [INFO] [USER:67f779c498465c069fa91ad5] 📎 Processing attachment: invoice-a00121234-netplus-ujwal.pdf
[2025-04-10T21:18:03.650Z] [INFO] [USER:67f779c498465c069fa91ad5] ✅ Invoice saved: 67f8358b6939f57762275fab
[2025-04-10T21:19:00.208Z] [INFO] [USER:67f779c498465c069fa91ad5] ⏰ Running scheduled email check
[2025-04-10T21:19:03.027Z] [INFO] [USER:67f779c498465c069fa91ad5] 🎉 Processed 0 invoices
[2025-04-10T21:20:00.667Z] [INFO] [USER:67f779c498465c069fa91ad5] ⏰ Running scheduled email check
[2025-04-10T21:20:03.594Z] [INFO] [USER:67f779c498465c069fa91ad5] 🎉 Processed 0 invoices
[2025-04-10T21:32:46.807Z] [INFO] [USER:67f779c498465c069fa91ad5] 🚀 Initial processing completed: 0 invoices
[2025-04-10T21:33:00.363Z] [INFO] [USER:67f779c498465c069fa91ad5] ⏰ Running scheduled email check
[2025-04-10T21:33:03.649Z] [INFO] [USER:67f779c498465c069fa91ad5] 🎉 Processed 0 invoices
[2025-04-10T21:34:00.921Z] [INFO] [USER:67f779c498465c069fa91ad5] ⏰ Running scheduled email check
[2025-04-10T21:34:03.548Z] [INFO] [USER:67f779c498465c069fa91ad5] 📎 Processing attachment: OD330914786585154100_250409_232618.pdf
[2025-04-10T21:34:03.591Z] [INFO] [USER:67f779c498465c069fa91ad5] 🎉 Processed 0 invoices
[2025-04-10T21:34:03.895Z] [INFO] [USER:67f779c498465c069fa91ad5] ✅ Invoice saved: 67f8394bb2b7b9d95bf19ac3
[2025-04-10T21:35:00.498Z] [INFO] [USER:67f779c498465c069fa91ad5] ⏰ Running scheduled email check
[2025-04-10T21:35:02.478Z] [INFO] [USER:67f779c498465c069fa91ad5] 🎉 Processed 0 invoices
[2025-04-10T21:36:00.045Z] [INFO] [USER:67f779c498465c069fa91ad5] ⏰ Running scheduled email check
[2025-04-10T21:36:02.008Z] [INFO] [USER:67f779c498465c069fa91ad5] 🎉 Processed 0 invoices
[2025-04-10T21:37:00.602Z] [INFO] [USER:67f779c498465c069fa91ad5] ⏰ Running scheduled email check
[2025-04-10T21:37:03.374Z] [INFO] [USER:67f779c498465c069fa91ad5] 🎉 Processed 0 invoices
[2025-04-10T21:38:00.178Z] [INFO] [USER:67f779c498465c069fa91ad5] ⏰ Running scheduled email check
[2025-04-10T21:38:02.237Z] [INFO] [USER:67f779c498465c069fa91ad5] 🎉 Processed 0 invoices
[2025-04-10T21:39:00.530Z] [INFO] [USER:67f779c498465c069fa91ad5] ⏰ Running scheduled email check
[2025-04-10T21:39:02.526Z] [INFO] [USER:67f779c498465c069fa91ad5] 🎉 Processed 0 invoices
[2025-04-10T21:40:00.863Z] [INFO] [USER:67f779c498465c069fa91ad5] ⏰ Running scheduled email check
[2025-04-10T21:40:02.801Z] [INFO] [USER:67f779c498465c069fa91ad5] 🎉 Processed 0 invoices
[2025-04-10T21:41:00.298Z] [INFO] [USER:67f779c498465c069fa91ad5] ⏰ Running scheduled email check
[2025-04-10T21:41:02.336Z] [INFO] [USER:67f779c498465c069fa91ad5] 🎉 Processed 0 invoices
[2025-04-10T21:42:00.828Z] [INFO] [USER:67f779c498465c069fa91ad5] ⏰ Running scheduled email check
[2025-04-10T21:42:02.862Z] [INFO] [USER:67f779c498465c069fa91ad5] 🎉 Processed 0 invoices
[2025-04-10T21:48:39.880Z] [INFO] [USER:67f779c498465c069fa91ad5] 🚀 Initial processing completed: 0 invoices
[2025-04-10T21:49:00.082Z] [INFO] [USER:67f779c498465c069fa91ad5] ⏰ Running scheduled email check
[2025-04-10T21:49:02.627Z] [INFO] [USER:67f779c498465c069fa91ad5] 📎 Processing attachment: OD330914786585154100_250409_232618.pdf
[2025-04-10T21:49:02.677Z] [INFO] [USER:67f779c498465c069fa91ad5] 🎉 Processed 0 invoices
[2025-04-10T21:49:02.880Z] [WARN] [USER:67f779c498465c069fa91ad5] ⚠️ Skipping unsupported file type: application/pdf
[2025-04-10T21:50:00.554Z] [INFO] [USER:67f779c498465c069fa91ad5] ⏰ Running scheduled email check
[2025-04-10T21:50:02.604Z] [INFO] [USER:67f779c498465c069fa91ad5] 🎉 Processed 0 invoices
[2025-04-10T21:51:00.927Z] [INFO] [USER:67f779c498465c069fa91ad5] ⏰ Running scheduled email check
[2025-04-10T21:51:02.993Z] [INFO] [USER:67f779c498465c069fa91ad5] 🎉 Processed 0 invoices
[2025-04-10T21:52:00.303Z] [INFO] [USER:67f779c498465c069fa91ad5] ⏰ Running scheduled email check
[2025-04-10T21:52:02.233Z] [INFO] [USER:67f779c498465c069fa91ad5] 🎉 Processed 0 invoices
[2025-04-10T21:53:00.673Z] [INFO] [USER:67f779c498465c069fa91ad5] ⏰ Running scheduled email check
[2025-04-10T21:53:07.185Z] [INFO] [USER:67f779c498465c069fa91ad5] 🎉 Processed 0 invoices
[2025-04-10T21:54:00.106Z] [INFO] [USER:67f779c498465c069fa91ad5] ⏰ Running scheduled email check
[2025-04-10T21:54:04.497Z] [INFO] [USER:67f779c498465c069fa91ad5] 🎉 Processed 0 invoices
[2025-04-10T21:55:00.468Z] [INFO] [USER:67f779c498465c069fa91ad5] ⏰ Running scheduled email check
[2025-04-10T21:55:04.497Z] [INFO] [USER:67f779c498465c069fa91ad5] 🎉 Processed 0 invoices
[2025-04-10T21:55:04.508Z] [INFO] [USER:67f779c498465c069fa91ad5] 📎 Processing attachment: invoice-a00121234-netplus-ujwal.pdf
[2025-04-10T21:55:04.555Z] [WARN] [USER:67f779c498465c069fa91ad5] ⚠️ Skipping unsupported file type: application/pdf
[2025-04-10T21:56:34.416Z] [INFO] [USER:67f779c498465c069fa91ad5] 🚀 Initial processing completed: 0 invoices
[2025-04-10T21:57:00.390Z] [INFO] [USER:67f779c498465c069fa91ad5] ⏰ Running scheduled email check
[2025-04-10T21:57:03.302Z] [INFO] [USER:67f779c498465c069fa91ad5] 🎉 Processed 0 invoices
[2025-04-10T21:57:03.326Z] [INFO] [USER:67f779c498465c069fa91ad5] 📎 Processing attachment: invoice-a00121234-netplus-ujwal.pdf
[2025-04-10T21:57:03.613Z] [INFO] [USER:67f779c498465c069fa91ad5] ✅ Invoice saved: 67f83eaf21b1865bd38dba4f
[2025-04-10T21:58:00.898Z] [INFO] [USER:67f779c498465c069fa91ad5] ⏰ Running scheduled email check
[2025-04-10T21:58:02.834Z] [INFO] [USER:67f779c498465c069fa91ad5] 🎉 Processed 0 invoices
[2025-04-10T21:59:00.235Z] [INFO] [USER:67f779c498465c069fa91ad5] ⏰ Running scheduled email check
[2025-04-10T21:59:02.278Z] [INFO] [USER:67f779c498465c069fa91ad5] 🎉 Processed 0 invoices
[2025-04-10T22:00:00.736Z] [INFO] [USER:67f779c498465c069fa91ad5] ⏰ Running scheduled email check
[2025-04-10T22:00:02.854Z] [INFO] [USER:67f779c498465c069fa91ad5] 🎉 Processed 0 invoices
[2025-04-10T23:04:00.231Z] [INFO] [USER:67f779c498465c069fa91ad5] ⏰ Running scheduled email check
[2025-04-10T23:04:02.946Z] [INFO] [USER:67f779c498465c069fa91ad5] 🎉 Processed 0 invoices
[2025-04-10T23:04:06.771Z] [INFO] [USER:67f779c498465c069fa91ad5] 🚀 Initial processing completed: 0 invoices
[2025-04-10T23:05:00.790Z] [INFO] [USER:67f779c498465c069fa91ad5] ⏰ Running scheduled email check
[2025-04-10T23:05:04.374Z] [INFO] [USER:67f779c498465c069fa91ad5] 🎉 Processed 0 invoices
[2025-04-10T23:05:04.397Z] [INFO] [USER:67f779c498465c069fa91ad5] 📎 Processing attachment: invoice-a00121234-netplus-ujwal.pdf
[2025-04-10T23:05:04.645Z] [ERROR] [USER:67f779c498465c069fa91ad5] ❌ Invoice save failed: Invoice validation failed: user: Path `user` is required.
[2025-04-10T23:06:00.315Z] [INFO] [USER:67f779c498465c069fa91ad5] ⏰ Running scheduled email check
[2025-04-10T23:06:03.167Z] [INFO] [USER:67f779c498465c069fa91ad5] 🎉 Processed 0 invoices
[2025-04-10T23:07:00.889Z] [INFO] [USER:67f779c498465c069fa91ad5] ⏰ Running scheduled email check
[2025-04-10T23:07:03.791Z] [INFO] [USER:67f779c498465c069fa91ad5] 🎉 Processed 0 invoices
[2025-04-10T23:08:00.472Z] [INFO] [USER:67f779c498465c069fa91ad5] ⏰ Running scheduled email check
[2025-04-10T23:08:03.339Z] [INFO] [USER:67f779c498465c069fa91ad5] 🎉 Processed 0 invoices
[2025-04-10T23:09:00.003Z] [INFO] [USER:67f779c498465c069fa91ad5] ⏰ Running scheduled email check
[2025-04-10T23:09:02.910Z] [INFO] [USER:67f779c498465c069fa91ad5] 🎉 Processed 0 invoices
[2025-04-10T23:09:51.598Z] [INFO] [USER:67f779c498465c069fa91ad5] 🚀 Initial processing completed: 0 invoices
[2025-04-10T23:10:00.900Z] [INFO] [USER:67f779c498465c069fa91ad5] ⏰ Running scheduled email check
[2025-04-10T23:10:02.786Z] [INFO] [USER:67f779c498465c069fa91ad5] 🎉 Processed 0 invoices
[2025-04-10T23:11:00.516Z] [INFO] [USER:67f779c498465c069fa91ad5] ⏰ Running scheduled email check
[2025-04-10T23:11:03.147Z] [INFO] [USER:67f779c498465c069fa91ad5] 🎉 Processed 0 invoices
[2025-04-10T23:11:03.171Z] [INFO] [USER:67f779c498465c069fa91ad5] 📎 Processing attachment: invoice-a00121234-netplus-ujwal.pdf
[2025-04-10T23:11:03.456Z] [INFO] [USER:67f779c498465c069fa91ad5] ✅ Invoice saved: 67f850076e93a1879c654d31
[2025-04-10T23:12:00.070Z] [INFO] [USER:67f779c498465c069fa91ad5] ⏰ Running scheduled email check
[2025-04-10T23:12:02.083Z] [INFO] [USER:67f779c498465c069fa91ad5] 🎉 Processed 0 invoices
[2025-04-11T01:30:00.807Z] [INFO] [USER:67f779c498465c069fa91ad5] ⏰ Running scheduled email check
[2025-04-11T01:30:03.554Z] [INFO] [USER:67f779c498465c069fa91ad5] 🎉 Processed 0 invoices
[2025-04-11T01:30:17.395Z] [INFO] [USER:67f779c498465c069fa91ad5] 🚀 Initial processing completed: 0 invoices
[2025-04-11T01:31:00.469Z] [INFO] [USER:67f779c498465c069fa91ad5] ⏰ Running scheduled email check
[2025-04-11T01:31:03.749Z] [INFO] [USER:67f779c498465c069fa91ad5] 🎉 Processed 0 invoices
[2025-04-11T01:31:03.775Z] [INFO] [USER:67f779c498465c069fa91ad5] 📎 Processing attachment: invoice-a00121234-netplus-ujwal.pdf
[2025-04-11T01:31:04.098Z] [INFO] [USER:67f779c498465c069fa91ad5] ✅ Invoice saved: 67f870d8ffb4ef029f690402
[2025-04-11T01:32:00.033Z] [INFO] [USER:67f779c498465c069fa91ad5] ⏰ Running scheduled email check
[2025-04-11T01:32:02.300Z] [INFO] [USER:67f779c498465c069fa91ad5] 🎉 Processed 0 invoices
[2025-04-11T03:57:00.538Z] [INFO] [USER:67f779c498465c069fa91ad5] ⏰ Running scheduled email check
[2025-04-11T03:57:05.158Z] [INFO] [USER:67f779c498465c069fa91ad5] 🚀 Initial processing completed: 0 invoices
[2025-04-11T03:57:05.507Z] [INFO] [USER:67f779c498465c069fa91ad5] 🎉 Processed 0 invoices
[2025-04-11T04:27:32.391Z] [INFO] [USER:67f8979439d6c236ad756b0a] 🚀 Initial processing completed: 0 invoices
[2025-04-11T04:28:00.555Z] [INFO] [USER:67f8979439d6c236ad756b0a] ⏰ Running scheduled email check
[2025-04-11T04:28:02.527Z] [INFO] [USER:67f8979439d6c236ad756b0a] 🎉 Processed 0 invoices
[2025-04-11T04:39:00.600Z] [INFO] [USER:67f8979439d6c236ad756b0a] ⏰ Running scheduled email check
[2025-04-11T04:39:03.260Z] [INFO] [USER:67f8979439d6c236ad756b0a] 📎 Processing attachment: invoice-a00121234-netplus-ujwal.pdf
[2025-04-11T04:39:03.424Z] [INFO] [USER:67f8979439d6c236ad756b0a] 🎉 Processed 0 invoices
[2025-04-11T04:39:03.467Z] [INFO] [USER:67f8979439d6c236ad756b0a] ✅ Invoice saved: 67f89ce70d5939c62474aefb
[2025-04-11T04:39:07.465Z] [INFO] [USER:67f8979439d6c236ad756b0a] 🚀 Initial processing completed: 0 invoices
[2025-04-11T04:40:00.048Z] [INFO] [USER:67f8979439d6c236ad756b0a] ⏰ Running scheduled email check
[2025-04-11T04:40:01.992Z] [INFO] [USER:67f8979439d6c236ad756b0a] 🎉 Processed 0 invoices
[2025-04-11T04:41:00.451Z] [INFO] [USER:67f8979439d6c236ad756b0a] ⏰ Running scheduled email check
[2025-04-11T04:41:02.410Z] [INFO] [USER:67f8979439d6c236ad756b0a] 🎉 Processed 0 invoices
[2025-04-11T04:42:00.991Z] [INFO] [USER:67f8979439d6c236ad756b0a] ⏰ Running scheduled email check
[2025-04-11T04:42:03.076Z] [INFO] [USER:67f8979439d6c236ad756b0a] 🎉 Processed 0 invoices
[2025-04-11T04:43:00.400Z] [INFO] [USER:67f8979439d6c236ad756b0a] ⏰ Running scheduled email check
[2025-04-11T04:43:02.502Z] [INFO] [USER:67f8979439d6c236ad756b0a] 🎉 Processed 0 invoices
[2025-04-11T04:44:00.810Z] [INFO] [USER:67f8979439d6c236ad756b0a] ⏰ Running scheduled email check
[2025-04-11T04:44:02.835Z] [INFO] [USER:67f8979439d6c236ad756b0a] 🎉 Processed 0 invoices
[2025-04-11T04:45:00.130Z] [INFO] [USER:67f8979439d6c236ad756b0a] ⏰ Running scheduled email check
[2025-04-11T04:45:03.470Z] [INFO] [USER:67f8979439d6c236ad756b0a] 🎉 Processed 0 invoices
[2025-04-11T04:46:00.527Z] [INFO] [USER:67f8979439d6c236ad756b0a] ⏰ Running scheduled email check
[2025-04-11T04:46:02.614Z] [INFO] [USER:67f8979439d6c236ad756b0a] 🎉 Processed 0 invoices
[2025-04-11T04:47:00.956Z] [INFO] [USER:67f8979439d6c236ad756b0a] ⏰ Running scheduled email check
[2025-04-11T04:47:02.892Z] [INFO] [USER:67f8979439d6c236ad756b0a] 🎉 Processed 0 invoices
[2025-04-11T04:48:00.334Z] [INFO] [USER:67f8979439d6c236ad756b0a] ⏰ Running scheduled email check
[2025-04-11T04:48:02.322Z] [INFO] [USER:67f8979439d6c236ad756b0a] 🎉 Processed 0 invoices
[2025-04-11T04:49:00.761Z] [INFO] [USER:67f8979439d6c236ad756b0a] ⏰ Running scheduled email check
[2025-04-11T04:49:02.783Z] [INFO] [USER:67f8979439d6c236ad756b0a] 🎉 Processed 0 invoices
[2025-04-11T04:50:00.182Z] [INFO] [USER:67f8979439d6c236ad756b0a] ⏰ Running scheduled email check
[2025-04-11T04:50:02.881Z] [INFO] [USER:67f8979439d6c236ad756b0a] 🎉 Processed 0 invoices
[2025-04-11T04:50:02.889Z] [INFO] [USER:67f8979439d6c236ad756b0a] 📎 Processing attachment: invoice-a00121234-netplus-ujwal.pdf
[2025-04-11T04:50:02.988Z] [INFO] [USER:67f8979439d6c236ad756b0a] ✅ Invoice saved: 67f89f7a0d5939c62474af11
[2025-04-11T06:02:34.193Z] [INFO] [USER:67f8979439d6c236ad756b0a] 🚀 Initial processing completed: 0 invoices
[2025-04-11T06:03:00.329Z] [INFO] [USER:67f8979439d6c236ad756b0a] ⏰ Running scheduled email check
[2025-04-11T06:03:04.615Z] [INFO] [USER:67f8979439d6c236ad756b0a] 🎉 Processed 0 invoices
[2025-04-11T06:03:04.628Z] [INFO] [USER:67f8979439d6c236ad756b0a] 📎 Processing attachment: invoice-a00121236-jio-guru-nanak-dev-university.pdf
[2025-04-11T06:03:04.954Z] [INFO] [USER:67f8979439d6c236ad756b0a] ✅ Invoice saved: 67f8b098be2f157dc4e908fd
[2025-04-11T06:04:00.822Z] [INFO] [USER:67f8979439d6c236ad756b0a] ⏰ Running scheduled email check
[2025-04-11T06:04:04.557Z] [INFO] [USER:67f8979439d6c236ad756b0a] 🎉 Processed 0 invoices
[2025-04-11T06:05:00.444Z] [INFO] [USER:67f8979439d6c236ad756b0a] ⏰ Running scheduled email check
[2025-04-11T06:05:04.593Z] [INFO] [USER:67f8979439d6c236ad756b0a] 📎 Processing attachment: invoice-a00121235-samsung-the-card-point.pdf
[2025-04-11T06:05:04.650Z] [INFO] [USER:67f8979439d6c236ad756b0a] 🎉 Processed 0 invoices
[2025-04-11T06:05:04.722Z] [INFO] [USER:67f8979439d6c236ad756b0a] ✅ Invoice saved: 67f8b110be2f157dc4e90909
[2025-04-11T06:06:00.058Z] [INFO] [USER:67f8979439d6c236ad756b0a] ⏰ Running scheduled email check
[2025-04-11T06:06:04.168Z] [INFO] [USER:67f8979439d6c236ad756b0a] 🎉 Processed 0 invoices
[2025-04-11T06:07:00.557Z] [INFO] [USER:67f8979439d6c236ad756b0a] ⏰ Running scheduled email check
[2025-04-11T06:07:06.617Z] [INFO] [USER:67f8979439d6c236ad756b0a] 🎉 Processed 0 invoices
[2025-04-11T06:08:00.041Z] [INFO] [USER:67f8979439d6c236ad756b0a] ⏰ Running scheduled email check
[2025-04-11T06:08:02.445Z] [INFO] [USER:67f8979439d6c236ad756b0a] 🎉 Processed 0 invoices
[2025-04-11T06:09:00.554Z] [INFO] [USER:67f8979439d6c236ad756b0a] ⏰ Running scheduled email check
[2025-04-11T06:09:03.763Z] [INFO] [USER:67f8979439d6c236ad756b0a] 🎉 Processed 0 invoices
[2025-04-11T06:10:00.122Z] [INFO] [USER:67f8979439d6c236ad756b0a] ⏰ Running scheduled email check
[2025-04-11T06:10:02.804Z] [INFO] [USER:67f8979439d6c236ad756b0a] 🎉 Processed 0 invoices
[2025-04-11T06:11:00.727Z] [INFO] [USER:67f8979439d6c236ad756b0a] ⏰ Running scheduled email check
[2025-04-11T06:11:08.624Z] [INFO] [USER:67f8979439d6c236ad756b0a] 🎉 Processed 0 invoices
[2025-04-11T06:12:00.301Z] [INFO] [USER:67f8979439d6c236ad756b0a] ⏰ Running scheduled email check
[2025-04-11T06:12:03.754Z] [INFO] [USER:67f8979439d6c236ad756b0a] 🎉 Processed 0 invoices
[2025-04-11T06:13:00.891Z] [INFO] [USER:67f8979439d6c236ad756b0a] ⏰ Running scheduled email check
[2025-04-11T06:13:04.927Z] [INFO] [USER:67f8979439d6c236ad756b0a] 🎉 Processed 0 invoices
[2025-04-11T06:14:00.499Z] [INFO] [USER:67f8979439d6c236ad756b0a] ⏰ Running scheduled email check
[2025-04-11T06:14:05.770Z] [INFO] [USER:67f8979439d6c236ad756b0a] 🎉 Processed 0 invoices
[2025-04-11T06:15:00.078Z] [INFO] [USER:67f8979439d6c236ad756b0a] ⏰ Running scheduled email check
[2025-04-11T06:15:05.786Z] [INFO] [USER:67f8979439d6c236ad756b0a] 🎉 Processed 0 invoices
[2025-04-11T06:16:00.612Z] [INFO] [USER:67f8979439d6c236ad756b0a] ⏰ Running scheduled email check
[2025-04-11T06:16:03.130Z] [INFO] [USER:67f8979439d6c236ad756b0a] 🎉 Processed 0 invoices
[2025-04-11T06:17:00.143Z] [INFO] [USER:67f8979439d6c236ad756b0a] ⏰ Running scheduled email check
[2025-04-11T06:17:04.828Z] [INFO] [USER:67f8979439d6c236ad756b0a] 🎉 Processed 0 invoices
[2025-04-11T06:18:00.737Z] [INFO] [USER:67f8979439d6c236ad756b0a] ⏰ Running scheduled email check
[2025-04-11T06:18:08.177Z] [INFO] [USER:67f8979439d6c236ad756b0a] 🎉 Processed 0 invoices
[2025-04-11T06:19:00.279Z] [INFO] [USER:67f8979439d6c236ad756b0a] ⏰ Running scheduled email check
[2025-04-11T06:19:08.073Z] [INFO] [USER:67f8979439d6c236ad756b0a] 🎉 Processed 0 invoices
[2025-04-11T06:20:00.852Z] [INFO] [USER:67f8979439d6c236ad756b0a] ⏰ Running scheduled email check
[2025-04-11T06:20:07.642Z] [INFO] [USER:67f8979439d6c236ad756b0a] 🎉 Processed 0 invoices
[2025-04-11T06:21:00.401Z] [INFO] [USER:67f8979439d6c236ad756b0a] ⏰ Running scheduled email check
[2025-04-11T06:21:09.477Z] [INFO] [USER:67f8979439d6c236ad756b0a] 🎉 Processed 0 invoices
[2025-04-11T06:22:00.899Z] [INFO] [USER:67f8979439d6c236ad756b0a] ⏰ Running scheduled email check
[2025-04-11T06:22:18.833Z] [INFO] [USER:67f8979439d6c236ad756b0a] 🎉 Processed 0 invoices
[2025-04-11T06:23:00.515Z] [INFO] [USER:67f8979439d6c236ad756b0a] ⏰ Running scheduled email check
[2025-04-11T06:23:17.520Z] [INFO] [USER:67f8979439d6c236ad756b0a] 🎉 Processed 0 invoices
[2025-04-11T06:24:00.109Z] [INFO] [USER:67f8979439d6c236ad756b0a] ⏰ Running scheduled email check
[2025-04-11T06:24:16.942Z] [INFO] [USER:67f8979439d6c236ad756b0a] 🎉 Processed 0 invoices
[2025-04-11T06:25:00.688Z] [INFO] [USER:67f8979439d6c236ad756b0a] ⏰ Running scheduled email check
[2025-04-11T06:25:05.849Z] [INFO] [USER:67f8979439d6c236ad756b0a] 🎉 Processed 0 invoices
[2025-04-11T06:26:00.260Z] [INFO] [USER:67f8979439d6c236ad756b0a] ⏰ Running scheduled email check
[2025-04-11T06:26:07.766Z] [INFO] [USER:67f8979439d6c236ad756b0a] 🎉 Processed 0 invoices
[2025-04-11T06:27:00.832Z] [INFO] [USER:67f8979439d6c236ad756b0a] ⏰ Running scheduled email check
[2025-04-11T06:27:37.978Z] [INFO] [USER:67f8979439d6c236ad756b0a] 🎉 Processed 0 invoices
[2025-04-11T06:27:37.985Z] [INFO] [USER:67f8979439d6c236ad756b0a] 📎 Processing attachment: invoice-a00121234-netplus-ujwal.pdf
[2025-04-11T06:27:38.556Z] [INFO] [USER:67f8979439d6c236ad756b0a] ✅ Invoice saved: 67f8b65abe2f157dc4e90991
[2025-04-11T06:28:00.368Z] [INFO] [USER:67f8979439d6c236ad756b0a] ⏰ Running scheduled email check
[2025-04-11T06:28:09.586Z] [INFO] [USER:67f8979439d6c236ad756b0a] 🎉 Processed 0 invoices
[2025-04-11T06:29:00.944Z] [INFO] [USER:67f8979439d6c236ad756b0a] ⏰ Running scheduled email check
[2025-04-11T06:29:09.374Z] [INFO] [USER:67f8979439d6c236ad756b0a] 🎉 Processed 0 invoices
[2025-04-11T06:30:00.494Z] [INFO] [USER:67f8979439d6c236ad756b0a] ⏰ Running scheduled email check
[2025-04-11T06:30:03.087Z] [INFO] [USER:67f8979439d6c236ad756b0a] 🎉 Processed 0 invoices
[2025-04-11T06:32:00.561Z] [INFO] [USER:67f8979439d6c236ad756b0a] ⏰ Running scheduled email check
[2025-04-11T06:32:03.404Z] [INFO] [USER:67f8979439d6c236ad756b0a] 🎉 Processed 0 invoices
[2025-04-11T06:33:00.060Z] [INFO] [USER:67f8979439d6c236ad756b0a] ⏰ Running scheduled email check
[2025-04-11T06:33:02.621Z] [INFO] [USER:67f8979439d6c236ad756b0a] 🎉 Processed 0 invoices
[2025-04-11T06:34:00.589Z] [INFO] [USER:67f8979439d6c236ad756b0a] ⏰ Running scheduled email check
[2025-04-11T06:34:03.112Z] [INFO] [USER:67f8979439d6c236ad756b0a] 🎉 Processed 0 invoices
[2025-04-11T06:35:00.052Z] [INFO] [USER:67f8979439d6c236ad756b0a] ⏰ Running scheduled email check
[2025-04-11T06:35:03.163Z] [INFO] [USER:67f8979439d6c236ad756b0a] 🎉 Processed 0 invoices
[2025-04-11T06:36:00.540Z] [INFO] [USER:67f8979439d6c236ad756b0a] ⏰ Running scheduled email check
[2025-04-11T06:36:03.680Z] [INFO] [USER:67f8979439d6c236ad756b0a] 🎉 Processed 0 invoices
[2025-04-11T06:37:00.972Z] [INFO] [USER:67f8979439d6c236ad756b0a] ⏰ Running scheduled email check
[2025-04-11T06:37:04.115Z] [INFO] [USER:67f8979439d6c236ad756b0a] 🎉 Processed 0 invoices
[2025-04-11T06:38:00.502Z] [INFO] [USER:67f8979439d6c236ad756b0a] ⏰ Running scheduled email check
[2025-04-11T06:38:04.435Z] [INFO] [USER:67f8979439d6c236ad756b0a] 🎉 Processed 0 invoices
[2025-04-11T06:39:00.927Z] [INFO] [USER:67f8979439d6c236ad756b0a] ⏰ Running scheduled email check
[2025-04-11T06:39:03.370Z] [INFO] [USER:67f8979439d6c236ad756b0a] 🎉 Processed 0 invoices
[2025-04-11T06:40:00.359Z] [INFO] [USER:67f8979439d6c236ad756b0a] ⏰ Running scheduled email check
[2025-04-11T06:40:06.859Z] [INFO] [USER:67f8979439d6c236ad756b0a] 🎉 Processed 0 invoices
[2025-04-11T06:41:00.868Z] [INFO] [USER:67f8979439d6c236ad756b0a] ⏰ Running scheduled email check
[2025-04-11T06:41:04.567Z] [INFO] [USER:67f8979439d6c236ad756b0a] 🎉 Processed 0 invoices
[2025-04-11T06:42:00.309Z] [INFO] [USER:67f8979439d6c236ad756b0a] ⏰ Running scheduled email check
[2025-04-11T06:42:03.390Z] [INFO] [USER:67f8979439d6c236ad756b0a] 🎉 Processed 0 invoices
[2025-04-11T06:43:00.748Z] [INFO] [USER:67f8979439d6c236ad756b0a] ⏰ Running scheduled email check
[2025-04-11T06:43:03.091Z] [INFO] [USER:67f8979439d6c236ad756b0a] 🎉 Processed 0 invoices
[2025-04-11T06:44:00.206Z] [INFO] [USER:67f8979439d6c236ad756b0a] ⏰ Running scheduled email check
[2025-04-11T06:44:02.651Z] [INFO] [USER:67f8979439d6c236ad756b0a] 🎉 Processed 0 invoices
[2025-04-11T06:45:00.659Z] [INFO] [USER:67f8979439d6c236ad756b0a] ⏰ Running scheduled email check
[2025-04-11T06:45:05.438Z] [INFO] [USER:67f8979439d6c236ad756b0a] 🎉 Processed 0 invoices
[2025-04-11T06:46:00.127Z] [INFO] [USER:67f8979439d6c236ad756b0a] ⏰ Running scheduled email check
[2025-04-11T06:46:03.816Z] [INFO] [USER:67f8979439d6c236ad756b0a] 🎉 Processed 0 invoices
[2025-04-11T06:47:00.649Z] [INFO] [USER:67f8979439d6c236ad756b0a] ⏰ Running scheduled email check
[2025-04-11T06:47:03.209Z] [INFO] [USER:67f8979439d6c236ad756b0a] 🎉 Processed 0 invoices
[2025-04-11T07:14:00.037Z] [INFO] [USER:67f8979439d6c236ad756b0a] ⏰ Running scheduled email check
[2025-04-11T07:14:02.072Z] [INFO] [USER:67f8979439d6c236ad756b0a] 🎉 Processed 0 invoices
[2025-04-11T07:15:00.492Z] [INFO] [USER:67f8979439d6c236ad756b0a] ⏰ Running scheduled email check
[2025-04-11T07:15:02.794Z] [INFO] [USER:67f8979439d6c236ad756b0a] 🎉 Processed 0 invoices
[2025-04-11T07:16:00.019Z] [INFO] [USER:67f8979439d6c236ad756b0a] ⏰ Running scheduled email check
[2025-04-11T07:16:02.043Z] [INFO] [USER:67f8979439d6c236ad756b0a] 🎉 Processed 0 invoices
[2025-04-11T07:17:00.594Z] [INFO] [USER:67f8979439d6c236ad756b0a] ⏰ Running scheduled email check
[2025-04-11T07:17:03.679Z] [INFO] [USER:67f8979439d6c236ad756b0a] 🎉 Processed 0 invoices
[2025-04-11T07:18:00.106Z] [INFO] [USER:67f8979439d6c236ad756b0a] ⏰ Running scheduled email check
[2025-04-11T07:18:02.227Z] [INFO] [USER:67f8979439d6c236ad756b0a] 🎉 Processed 0 invoices
[2025-04-11T07:19:00.651Z] [INFO] [USER:67f8979439d6c236ad756b0a] ⏰ Running scheduled email check
[2025-04-11T07:19:02.598Z] [INFO] [USER:67f8979439d6c236ad756b0a] 🎉 Processed 0 invoices
[2025-04-11T07:20:00.091Z] [INFO] [USER:67f8979439d6c236ad756b0a] ⏰ Running scheduled email check
[2025-04-11T07:20:02.117Z] [INFO] [USER:67f8979439d6c236ad756b0a] 🎉 Processed 0 invoices
[2025-04-11T07:21:00.537Z] [INFO] [USER:67f8979439d6c236ad756b0a] ⏰ Running scheduled email check
[2025-04-11T07:21:02.435Z] [INFO] [USER:67f8979439d6c236ad756b0a] 🎉 Processed 0 invoices
[2025-04-11T07:22:00.978Z] [INFO] [USER:67f8979439d6c236ad756b0a] ⏰ Running scheduled email check
[2025-04-11T07:22:02.888Z] [INFO] [USER:67f8979439d6c236ad756b0a] 🎉 Processed 0 invoices
[2025-04-11T07:23:00.428Z] [INFO] [USER:67f8979439d6c236ad756b0a] ⏰ Running scheduled email check
[2025-04-11T07:23:02.423Z] [INFO] [USER:67f8979439d6c236ad756b0a] 🎉 Processed 0 invoices
[2025-04-11T08:13:00.713Z] [INFO] [USER:67f8979439d6c236ad756b0a] ⏰ Running scheduled email check
[2025-04-11T08:13:04.375Z] [INFO] [USER:67f8979439d6c236ad756b0a] 🎉 Processed 0 invoices
[2025-04-11T08:13:07.763Z] [INFO] [USER:67f8979439d6c236ad756b0a] 🚀 Initial processing completed: 0 invoices
[2025-04-11T08:14:00.155Z] [INFO] [USER:67f8979439d6c236ad756b0a] ⏰ Running scheduled email check
[2025-04-11T08:14:03.301Z] [INFO] [USER:67f8979439d6c236ad756b0a] 🎉 Processed 0 invoices
[2025-04-11T08:15:00.678Z] [INFO] [USER:67f8979439d6c236ad756b0a] ⏰ Running scheduled email check
[2025-04-11T08:15:03.289Z] [INFO] [USER:67f8979439d6c236ad756b0a] 🎉 Processed 0 invoices
[2025-04-11T08:16:00.229Z] [INFO] [USER:67f8979439d6c236ad756b0a] ⏰ Running scheduled email check
[2025-04-11T08:16:02.201Z] [INFO] [USER:67f8979439d6c236ad756b0a] 🎉 Processed 0 invoices
[2025-04-11T08:17:00.870Z] [INFO] [USER:67f8979439d6c236ad756b0a] ⏰ Running scheduled email check
[2025-04-11T08:17:03.060Z] [INFO] [USER:67f8979439d6c236ad756b0a] 🎉 Processed 0 invoices
[2025-04-11T08:18:00.419Z] [INFO] [USER:67f8979439d6c236ad756b0a] ⏰ Running scheduled email check
[2025-04-11T08:18:03.395Z] [INFO] [USER:67f8979439d6c236ad756b0a] 🎉 Processed 0 invoices
[2025-04-11T08:20:00.527Z] [INFO] [USER:67f8979439d6c236ad756b0a] ⏰ Running scheduled email check
[2025-04-11T08:20:05.664Z] [INFO] [USER:67f8979439d6c236ad756b0a] 🎉 Processed 0 invoices
[2025-04-11T08:20:05.694Z] [INFO] [USER:67f8979439d6c236ad756b0a] 📎 Processing attachment: invoice-a00121235-samsung-the-card-point.pdf
[2025-04-11T08:20:05.889Z] [INFO] [USER:67f8979439d6c236ad756b0a] ✅ Invoice saved: 67f8d0b57f8f23bd1fa4070b
[2025-04-11T08:21:00.053Z] [INFO] [USER:67f8979439d6c236ad756b0a] ⏰ Running scheduled email check
[2025-04-11T08:21:02.786Z] [INFO] [USER:67f8979439d6c236ad756b0a] 🎉 Processed 0 invoices
[2025-04-11T08:22:00.601Z] [INFO] [USER:67f8979439d6c236ad756b0a] ⏰ Running scheduled email check
[2025-04-11T08:22:03.664Z] [INFO] [USER:67f8979439d6c236ad756b0a] 🎉 Processed 0 invoices
[2025-04-11T08:23:00.148Z] [INFO] [USER:67f8979439d6c236ad756b0a] ⏰ Running scheduled email check
[2025-04-11T08:23:02.833Z] [INFO] [USER:67f8979439d6c236ad756b0a] 🎉 Processed 0 invoices
[2025-04-11T08:24:00.660Z] [INFO] [USER:67f8979439d6c236ad756b0a] ⏰ Running scheduled email check
[2025-04-11T08:24:03.076Z] [INFO] [USER:67f8979439d6c236ad756b0a] 🎉 Processed 0 invoices
[2025-04-11T08:25:00.217Z] [INFO] [USER:67f8979439d6c236ad756b0a] ⏰ Running scheduled email check
[2025-04-11T08:25:13.841Z] [INFO] [USER:67f8979439d6c236ad756b0a] 🎉 Processed 0 invoices
[2025-04-11T08:26:00.771Z] [INFO] [USER:67f8979439d6c236ad756b0a] ⏰ Running scheduled email check
[2025-04-11T08:26:18.766Z] [INFO] [USER:67f8979439d6c236ad756b0a] 🎉 Processed 0 invoices
[2025-04-11T08:27:00.317Z] [INFO] [USER:67f8979439d6c236ad756b0a] ⏰ Running scheduled email check
[2025-04-11T08:27:14.414Z] [ERROR] [USER:67f8979439d6c236ad756b0a] ❌ Scheduled job failed: Timed out while authenticating with server
[2025-04-11T08:28:00.883Z] [INFO] [USER:67f8979439d6c236ad756b0a] ⏰ Running scheduled email check
[2025-04-11T08:28:12.717Z] [INFO] [USER:67f8979439d6c236ad756b0a] 🎉 Processed 0 invoices
[2025-04-11T08:29:00.461Z] [INFO] [USER:67f8979439d6c236ad756b0a] ⏰ Running scheduled email check
[2025-04-11T08:29:12.511Z] [ERROR] [USER:67f8979439d6c236ad756b0a] ❌ Scheduled job failed: getaddrinfo ENOTFOUND imap.gmail.com
[2025-04-11T08:30:00.026Z] [INFO] [USER:67f8979439d6c236ad756b0a] ⏰ Running scheduled email check
[2025-04-11T08:30:12.424Z] [INFO] [USER:67f8979439d6c236ad756b0a] 🎉 Processed 0 invoices
[2025-04-11T08:31:00.572Z] [INFO] [USER:67f8979439d6c236ad756b0a] ⏰ Running scheduled email check
[2025-04-11T08:31:03.409Z] [INFO] [USER:67f8979439d6c236ad756b0a] 🎉 Processed 0 invoices
[2025-04-11T08:32:00.076Z] [INFO] [USER:67f8979439d6c236ad756b0a] ⏰ Running scheduled email check
[2025-04-11T08:32:08.164Z] [INFO] [USER:67f8979439d6c236ad756b0a] 🎉 Processed 0 invoices
[2025-04-11T08:33:00.576Z] [INFO] [USER:67f8979439d6c236ad756b0a] ⏰ Running scheduled email check
[2025-04-11T08:33:12.381Z] [ERROR] [USER:67f8979439d6c236ad756b0a] ❌ Scheduled job failed: read ECONNRESET
[2025-04-11T08:34:00.124Z] [INFO] [USER:67f8979439d6c236ad756b0a] ⏰ Running scheduled email check
[2025-04-11T08:34:06.016Z] [INFO] [USER:67f8979439d6c236ad756b0a] 🎉 Processed 0 invoices
[2025-04-11T08:35:00.651Z] [INFO] [USER:67f8979439d6c236ad756b0a] ⏰ Running scheduled email check
[2025-04-11T08:35:02.745Z] [INFO] [USER:67f8979439d6c236ad756b0a] 🎉 Processed 0 invoices
[2025-04-11T08:36:00.227Z] [INFO] [USER:67f8979439d6c236ad756b0a] ⏰ Running scheduled email check
[2025-04-11T08:36:02.312Z] [INFO] [USER:67f8979439d6c236ad756b0a] 🎉 Processed 0 invoices
[2025-04-11T08:37:00.761Z] [INFO] [USER:67f8979439d6c236ad756b0a] ⏰ Running scheduled email check
[2025-04-11T08:37:02.784Z] [INFO] [USER:67f8979439d6c236ad756b0a] 🎉 Processed 0 invoices
[2025-04-11T08:38:00.298Z] [INFO] [USER:67f8979439d6c236ad756b0a] ⏰ Running scheduled email check
[2025-04-11T08:38:02.313Z] [INFO] [USER:67f8979439d6c236ad756b0a] 🎉 Processed 0 invoices
[2025-04-11T08:39:00.904Z] [INFO] [USER:67f8979439d6c236ad756b0a] ⏰ Running scheduled email check
[2025-04-11T08:39:02.862Z] [INFO] [USER:67f8979439d6c236ad756b0a] 🎉 Processed 0 invoices
[2025-04-11T08:40:00.466Z] [INFO] [USER:67f8979439d6c236ad756b0a] ⏰ Running scheduled email check
[2025-04-11T08:40:03.216Z] [INFO] [USER:67f8979439d6c236ad756b0a] 🎉 Processed 0 invoices
[2025-04-11T08:41:00.997Z] [INFO] [USER:67f8979439d6c236ad756b0a] ⏰ Running scheduled email check
[2025-04-11T08:41:03.755Z] [INFO] [USER:67f8979439d6c236ad756b0a] 🎉 Processed 0 invoices
[2025-04-11T08:42:00.572Z] [INFO] [USER:67f8979439d6c236ad756b0a] ⏰ Running scheduled email check
[2025-04-11T08:42:04.190Z] [INFO] [USER:67f8979439d6c236ad756b0a] 🎉 Processed 0 invoices
[2025-04-11T08:42:04.193Z] [INFO] [USER:67f8979439d6c236ad756b0a] 📎 Processing attachment: invoice-a00121235-samsung-the-card-point.pdf
[2025-04-11T08:42:04.309Z] [INFO] [USER:67f8979439d6c236ad756b0a] ✅ Invoice saved: 67f8d5dc7f8f23bd1fa4071a
[2025-04-11T08:43:00.125Z] [INFO] [USER:67f8979439d6c236ad756b0a] ⏰ Running scheduled email check
[2025-04-11T08:43:02.932Z] [INFO] [USER:67f8979439d6c236ad756b0a] 🎉 Processed 0 invoices
[2025-04-11T08:44:00.715Z] [INFO] [USER:67f8979439d6c236ad756b0a] ⏰ Running scheduled email check
[2025-04-11T08:44:03.639Z] [INFO] [USER:67f8979439d6c236ad756b0a] 🎉 Processed 0 invoices
[2025-04-11T08:45:00.239Z] [INFO] [USER:67f8979439d6c236ad756b0a] ⏰ Running scheduled email check
[2025-04-11T08:45:03.225Z] [INFO] [USER:67f8979439d6c236ad756b0a] 🎉 Processed 0 invoices
[2025-04-11T08:46:00.776Z] [INFO] [USER:67f8979439d6c236ad756b0a] ⏰ Running scheduled email check
[2025-04-11T08:46:03.687Z] [INFO] [USER:67f8979439d6c236ad756b0a] 🎉 Processed 0 invoices
[2025-04-11T08:47:00.345Z] [INFO] [USER:67f8979439d6c236ad756b0a] ⏰ Running scheduled email check
[2025-04-11T08:47:03.061Z] [INFO] [USER:67f8979439d6c236ad756b0a] 🎉 Processed 0 invoices
[2025-04-11T08:48:00.861Z] [INFO] [USER:67f8979439d6c236ad756b0a] ⏰ Running scheduled email check
[2025-04-11T08:48:03.672Z] [INFO] [USER:67f8979439d6c236ad756b0a] 🎉 Processed 0 invoices
[2025-04-11T08:49:00.364Z] [INFO] [USER:67f8979439d6c236ad756b0a] ⏰ Running scheduled email check
[2025-04-11T08:49:02.375Z] [INFO] [USER:67f8979439d6c236ad756b0a] 🎉 Processed 0 invoices
[2025-04-11T08:50:00.900Z] [INFO] [USER:67f8979439d6c236ad756b0a] ⏰ Running scheduled email check
[2025-04-11T08:50:03.523Z] [INFO] [USER:67f8979439d6c236ad756b0a] 🎉 Processed 0 invoices
[2025-04-11T08:51:00.417Z] [INFO] [USER:67f8979439d6c236ad756b0a] ⏰ Running scheduled email check
[2025-04-11T08:51:03.080Z] [INFO] [USER:67f8979439d6c236ad756b0a] 🎉 Processed 0 invoices
[2025-04-11T08:52:00.988Z] [INFO] [USER:67f8979439d6c236ad756b0a] ⏰ Running scheduled email check
[2025-04-11T08:52:03.751Z] [INFO] [USER:67f8979439d6c236ad756b0a] 🎉 Processed 0 invoices
[2025-04-11T08:53:00.548Z] [INFO] [USER:67f8979439d6c236ad756b0a] ⏰ Running scheduled email check
[2025-04-11T08:53:03.577Z] [INFO] [USER:67f8979439d6c236ad756b0a] 📧 Found invoice-related content in email body
[2025-04-11T08:53:03.580Z] [ERROR] [USER:67f8979439d6c236ad756b0a] ❌ Invoice save failed: Missing invoice number
[2025-04-11T08:53:03.715Z] [INFO] [USER:67f8979439d6c236ad756b0a] 🎉 Processed 0 invoices
[2025-04-11T08:54:00.097Z] [INFO] [USER:67f8979439d6c236ad756b0a] ⏰ Running scheduled email check
[2025-04-11T08:54:02.813Z] [INFO] [USER:67f8979439d6c236ad756b0a] 🎉 Processed 0 invoices
[2025-04-11T08:55:00.576Z] [INFO] [USER:67f8979439d6c236ad756b0a] ⏰ Running scheduled email check
[2025-04-11T08:55:03.182Z] [INFO] [USER:67f8979439d6c236ad756b0a] 🎉 Processed 0 invoices
[2025-04-11T08:56:00.990Z] [INFO] [USER:67f8979439d6c236ad756b0a] ⏰ Running scheduled email check
[2025-04-11T08:56:03.689Z] [INFO] [USER:67f8979439d6c236ad756b0a] 🎉 Processed 0 invoices
[2025-04-11T08:57:00.375Z] [INFO] [USER:67f8979439d6c236ad756b0a] ⏰ Running scheduled email check
[2025-04-11T08:57:03.314Z] [INFO] [USER:67f8979439d6c236ad756b0a] 🎉 Processed 0 invoices
[2025-04-11T08:58:00.857Z] [INFO] [USER:67f8979439d6c236ad756b0a] ⏰ Running scheduled email check
[2025-04-11T08:58:03.804Z] [INFO] [USER:67f8979439d6c236ad756b0a] 🎉 Processed 0 invoices
[2025-04-11T08:59:00.238Z] [INFO] [USER:67f8979439d6c236ad756b0a] ⏰ Running scheduled email check
[2025-04-11T08:59:02.661Z] [INFO] [USER:67f8979439d6c236ad756b0a] 🎉 Processed 0 invoices
[2025-04-11T09:00:00.613Z] [INFO] [USER:67f8979439d6c236ad756b0a] ⏰ Running scheduled email check
[2025-04-11T09:00:02.718Z] [INFO] [USER:67f8979439d6c236ad756b0a] 🎉 Processed 0 invoices
[2025-04-11T09:01:00.067Z] [INFO] [USER:67f8979439d6c236ad756b0a] ⏰ Running scheduled email check
[2025-04-11T09:01:03.578Z] [INFO] [USER:67f8979439d6c236ad756b0a] 🎉 Processed 0 invoices
[2025-04-11T09:02:00.494Z] [INFO] [USER:67f8979439d6c236ad756b0a] ⏰ Running scheduled email check
[2025-04-11T09:02:03.569Z] [INFO] [USER:67f8979439d6c236ad756b0a] 🎉 Processed 0 invoices
[2025-04-11T09:03:00.925Z] [INFO] [USER:67f8979439d6c236ad756b0a] ⏰ Running scheduled email check
[2025-04-11T09:03:03.710Z] [INFO] [USER:67f8979439d6c236ad756b0a] 🎉 Processed 0 invoices
[2025-04-11T09:04:00.459Z] [INFO] [USER:67f8979439d6c236ad756b0a] ⏰ Running scheduled email check
[2025-04-11T09:04:04.164Z] [INFO] [USER:67f8979439d6c236ad756b0a] 📎 Processing attachment: OD330914786585154100_250409_232618.pdf
[2025-04-11T09:04:04.291Z] [INFO] [USER:67f8979439d6c236ad756b0a] ✅ Invoice saved: 67f8db047f8f23bd1fa4072b
[2025-04-11T09:04:04.423Z] [INFO] [USER:67f8979439d6c236ad756b0a] 🎉 Processed 1 invoices
[2025-04-11T09:05:00.844Z] [INFO] [USER:67f8979439d6c236ad756b0a] ⏰ Running scheduled email check
[2025-04-11T09:05:03.254Z] [INFO] [USER:67f8979439d6c236ad756b0a] 🎉 Processed 0 invoices
[2025-04-11T09:06:00.332Z] [INFO] [USER:67f8979439d6c236ad756b0a] ⏰ Running scheduled email check
[2025-04-11T09:06:02.888Z] [INFO] [USER:67f8979439d6c236ad756b0a] 🎉 Processed 0 invoices
[2025-04-11T09:07:00.740Z] [INFO] [USER:67f8979439d6c236ad756b0a] ⏰ Running scheduled email check
[2025-04-11T09:07:02.846Z] [INFO] [USER:67f8979439d6c236ad756b0a] 🎉 Processed 0 invoices
[2025-04-11T17:24:00.403Z] [INFO] [USER:67f8979439d6c236ad756b0a] ⏰ Running scheduled email check
[2025-04-14T07:58:00.801Z] [INFO] [USER:67fcbf8cf2d8c7438c53bf03] ⏰ Running scheduled email check
[2025-04-14T07:58:04.952Z] [INFO] [USER:67fcbf8cf2d8c7438c53bf03] 🎉 Processed 0 invoices
[2025-04-14T07:58:16.439Z] [INFO] [USER:67fcbf8cf2d8c7438c53bf03] 🚀 Initial processing completed: 0 invoices
[2025-04-14T07:59:00.321Z] [INFO] [USER:67fcbf8cf2d8c7438c53bf03] ⏰ Running scheduled email check
[2025-04-14T07:59:02.948Z] [INFO] [USER:67fcbf8cf2d8c7438c53bf03] 🎉 Processed 0 invoices
[2025-04-14T07:59:54.295Z] [INFO] [USER:67f8979439d6c236ad756b0a] 🚀 Initial processing completed: 0 invoices
[2025-04-14T08:00:00.766Z] [INFO] [USER:67f8979439d6c236ad756b0a] ⏰ Running scheduled email check
[2025-04-14T08:00:00.828Z] [INFO] [USER:67fcbf8cf2d8c7438c53bf03] ⏰ Running scheduled email check
[2025-04-14T08:00:03.406Z] [INFO] [USER:67f8979439d6c236ad756b0a] 🎉 Processed 0 invoices
[2025-04-14T08:00:03.553Z] [INFO] [USER:67fcbf8cf2d8c7438c53bf03] 🎉 Processed 0 invoices
[2025-04-14T08:01:00.287Z] [INFO] [USER:67f8979439d6c236ad756b0a] ⏰ Running scheduled email check
[2025-04-14T08:01:00.364Z] [INFO] [USER:67fcbf8cf2d8c7438c53bf03] ⏰ Running scheduled email check
[2025-04-14T08:01:03.003Z] [INFO] [USER:67fcbf8cf2d8c7438c53bf03] 🎉 Processed 0 invoices
[2025-04-14T08:01:03.067Z] [INFO] [USER:67f8979439d6c236ad756b0a] 🎉 Processed 0 invoices
[2025-04-14T08:02:00.832Z] [INFO] [USER:67f8979439d6c236ad756b0a] ⏰ Running scheduled email check
[2025-04-14T08:02:00.894Z] [INFO] [USER:67fcbf8cf2d8c7438c53bf03] ⏰ Running scheduled email check
[2025-04-14T08:02:02.910Z] [INFO] [USER:67f8979439d6c236ad756b0a] 🎉 Processed 0 invoices
[2025-04-14T08:02:02.969Z] [INFO] [USER:67fcbf8cf2d8c7438c53bf03] 🎉 Processed 0 invoices
[2025-04-14T08:03:00.312Z] [INFO] [USER:67f8979439d6c236ad756b0a] ⏰ Running scheduled email check
[2025-04-14T08:03:00.372Z] [INFO] [USER:67fcbf8cf2d8c7438c53bf03] ⏰ Running scheduled email check
[2025-04-14T08:03:02.267Z] [INFO] [USER:67f8979439d6c236ad756b0a] 🎉 Processed 0 invoices
[2025-04-14T08:03:02.315Z] [INFO] [USER:67fcbf8cf2d8c7438c53bf03] 🎉 Processed 0 invoices
[2025-04-14T08:04:00.751Z] [INFO] [USER:67f8979439d6c236ad756b0a] ⏰ Running scheduled email check
[2025-04-14T08:04:00.798Z] [INFO] [USER:67fcbf8cf2d8c7438c53bf03] ⏰ Running scheduled email check
[2025-04-14T08:04:02.662Z] [INFO] [USER:67f8979439d6c236ad756b0a] 🎉 Processed 0 invoices
[2025-04-14T08:04:02.735Z] [INFO] [USER:67fcbf8cf2d8c7438c53bf03] 🎉 Processed 0 invoices
[2025-04-14T08:05:00.207Z] [INFO] [USER:67f8979439d6c236ad756b0a] ⏰ Running scheduled email check
[2025-04-14T08:05:00.253Z] [INFO] [USER:67fcbf8cf2d8c7438c53bf03] ⏰ Running scheduled email check
[2025-04-14T08:05:02.233Z] [INFO] [USER:67fcbf8cf2d8c7438c53bf03] 🎉 Processed 0 invoices
[2025-04-14T08:05:02.234Z] [INFO] [USER:67f8979439d6c236ad756b0a] 🎉 Processed 0 invoices
[2025-04-14T08:06:00.701Z] [INFO] [USER:67f8979439d6c236ad756b0a] ⏰ Running scheduled email check
[2025-04-14T08:06:00.732Z] [INFO] [USER:67fcbf8cf2d8c7438c53bf03] ⏰ Running scheduled email check
[2025-04-14T08:06:02.722Z] [INFO] [USER:67fcbf8cf2d8c7438c53bf03] 🎉 Processed 0 invoices
[2025-04-14T08:06:02.803Z] [INFO] [USER:67f8979439d6c236ad756b0a] 🎉 Processed 0 invoices
[2025-04-14T08:07:00.233Z] [INFO] [USER:67f8979439d6c236ad756b0a] ⏰ Running scheduled email check
[2025-04-14T08:07:00.235Z] [INFO] [USER:67fcbf8cf2d8c7438c53bf03] ⏰ Running scheduled email check
[2025-04-14T08:07:02.283Z] [INFO] [USER:67fcbf8cf2d8c7438c53bf03] 🎉 Processed 0 invoices
[2025-04-14T08:07:02.293Z] [INFO] [USER:67f8979439d6c236ad756b0a] 🎉 Processed 0 invoices
[2025-04-14T08:08:00.750Z] [INFO] [USER:67f8979439d6c236ad756b0a] ⏰ Running scheduled email check
[2025-04-14T08:08:00.753Z] [INFO] [USER:67fcbf8cf2d8c7438c53bf03] ⏰ Running scheduled email check
[2025-04-14T08:08:02.702Z] [INFO] [USER:67f8979439d6c236ad756b0a] 🎉 Processed 0 invoices
[2025-04-14T08:08:02.729Z] [INFO] [USER:67fcbf8cf2d8c7438c53bf03] 🎉 Processed 0 invoices
[2025-04-14T08:09:00.245Z] [INFO] [USER:67f8979439d6c236ad756b0a] ⏰ Running scheduled email check
[2025-04-14T08:09:00.247Z] [INFO] [USER:67fcbf8cf2d8c7438c53bf03] ⏰ Running scheduled email check
[2025-04-14T08:09:02.235Z] [INFO] [USER:67fcbf8cf2d8c7438c53bf03] 🎉 Processed 0 invoices
[2025-04-14T08:09:02.351Z] [INFO] [USER:67f8979439d6c236ad756b0a] 🎉 Processed 0 invoices
[2025-04-14T08:10:00.810Z] [INFO] [USER:67f8979439d6c236ad756b0a] ⏰ Running scheduled email check
[2025-04-14T08:10:00.812Z] [INFO] [USER:67fcbf8cf2d8c7438c53bf03] ⏰ Running scheduled email check
[2025-04-14T08:10:02.808Z] [INFO] [USER:67f8979439d6c236ad756b0a] 🎉 Processed 0 invoices
[2025-04-14T08:10:02.892Z] [INFO] [USER:67fcbf8cf2d8c7438c53bf03] 🎉 Processed 0 invoices
[2025-04-14T08:11:00.299Z] [INFO] [USER:67f8979439d6c236ad756b0a] ⏰ Running scheduled email check
[2025-04-14T08:11:00.301Z] [INFO] [USER:67fcbf8cf2d8c7438c53bf03] ⏰ Running scheduled email check
[2025-04-14T08:11:02.292Z] [INFO] [USER:67f8979439d6c236ad756b0a] 🎉 Processed 0 invoices
[2025-04-14T08:11:02.750Z] [INFO] [USER:67fcbf8cf2d8c7438c53bf03] 🎉 Processed 0 invoices
[2025-04-14T08:12:00.787Z] [INFO] [USER:67f8979439d6c236ad756b0a] ⏰ Running scheduled email check
[2025-04-14T08:12:00.790Z] [INFO] [USER:67fcbf8cf2d8c7438c53bf03] ⏰ Running scheduled email check
[2025-04-14T08:12:02.801Z] [INFO] [USER:67f8979439d6c236ad756b0a] 🎉 Processed 0 invoices
[2025-04-14T08:12:03.624Z] [INFO] [USER:67fcbf8cf2d8c7438c53bf03] 🎉 Processed 0 invoices
[2025-04-14T08:13:00.263Z] [INFO] [USER:67f8979439d6c236ad756b0a] ⏰ Running scheduled email check
[2025-04-14T08:13:00.266Z] [INFO] [USER:67fcbf8cf2d8c7438c53bf03] ⏰ Running scheduled email check
[2025-04-14T08:13:02.231Z] [INFO] [USER:67f8979439d6c236ad756b0a] 🎉 Processed 0 invoices
[2025-04-14T08:13:02.884Z] [INFO] [USER:67fcbf8cf2d8c7438c53bf03] 🎉 Processed 0 invoices
[2025-04-14T08:14:00.764Z] [INFO] [USER:67f8979439d6c236ad756b0a] ⏰ Running scheduled email check
[2025-04-14T08:14:00.766Z] [INFO] [USER:67fcbf8cf2d8c7438c53bf03] ⏰ Running scheduled email check
[2025-04-14T08:14:03.437Z] [INFO] [USER:67fcbf8cf2d8c7438c53bf03] 🎉 Processed 0 invoices
[2025-04-14T08:14:03.445Z] [INFO] [USER:67f8979439d6c236ad756b0a] 🎉 Processed 0 invoices
[2025-04-14T08:15:00.361Z] [INFO] [USER:67f8979439d6c236ad756b0a] ⏰ Running scheduled email check
[2025-04-14T08:15:00.364Z] [INFO] [USER:67fcbf8cf2d8c7438c53bf03] ⏰ Running scheduled email check
[2025-04-14T08:15:03.139Z] [INFO] [USER:67f8979439d6c236ad756b0a] 🎉 Processed 0 invoices
[2025-04-14T08:15:03.163Z] [INFO] [USER:67fcbf8cf2d8c7438c53bf03] 🎉 Processed 0 invoices
[2025-04-14T08:16:00.884Z] [INFO] [USER:67f8979439d6c236ad756b0a] ⏰ Running scheduled email check
[2025-04-14T08:16:00.886Z] [INFO] [USER:67fcbf8cf2d8c7438c53bf03] ⏰ Running scheduled email check
[2025-04-14T08:16:03.396Z] [INFO] [USER:67f8979439d6c236ad756b0a] 🎉 Processed 0 invoices
[2025-04-14T08:16:03.511Z] [INFO] [USER:67fcbf8cf2d8c7438c53bf03] 🎉 Processed 0 invoices
[2025-04-14T08:17:00.364Z] [INFO] [USER:67f8979439d6c236ad756b0a] ⏰ Running scheduled email check
[2025-04-14T08:17:00.367Z] [INFO] [USER:67fcbf8cf2d8c7438c53bf03] ⏰ Running scheduled email check
[2025-04-14T08:17:03.102Z] [INFO] [USER:67fcbf8cf2d8c7438c53bf03] 🎉 Processed 0 invoices
[2025-04-14T08:17:03.114Z] [INFO] [USER:67f8979439d6c236ad756b0a] 🎉 Processed 0 invoices
[2025-04-14T08:18:00.952Z] [INFO] [USER:67f8979439d6c236ad756b0a] ⏰ Running scheduled email check
[2025-04-14T08:18:00.954Z] [INFO] [USER:67fcbf8cf2d8c7438c53bf03] ⏰ Running scheduled email check
[2025-04-14T08:18:03.500Z] [INFO] [USER:67f8979439d6c236ad756b0a] 🎉 Processed 0 invoices
[2025-04-14T08:18:03.657Z] [INFO] [USER:67fcbf8cf2d8c7438c53bf03] 🎉 Processed 0 invoices
[2025-04-14T08:19:00.505Z] [INFO] [USER:67f8979439d6c236ad756b0a] ⏰ Running scheduled email check
[2025-04-14T08:19:00.507Z] [INFO] [USER:67fcbf8cf2d8c7438c53bf03] ⏰ Running scheduled email check
[2025-04-14T08:19:02.459Z] [INFO] [USER:67fcbf8cf2d8c7438c53bf03] 🎉 Processed 0 invoices
[2025-04-14T08:19:02.479Z] [INFO] [USER:67f8979439d6c236ad756b0a] 🎉 Processed 0 invoices
[2025-04-14T08:20:00.064Z] [INFO] [USER:67f8979439d6c236ad756b0a] ⏰ Running scheduled email check
[2025-04-14T08:20:00.066Z] [INFO] [USER:67fcbf8cf2d8c7438c53bf03] ⏰ Running scheduled email check
[2025-04-14T08:20:02.027Z] [INFO] [USER:67fcbf8cf2d8c7438c53bf03] 🎉 Processed 0 invoices
[2025-04-14T08:20:02.064Z] [INFO] [USER:67f8979439d6c236ad756b0a] 🎉 Processed 0 invoices
[2025-04-14T08:21:00.497Z] [INFO] [USER:67f8979439d6c236ad756b0a] ⏰ Running scheduled email check
[2025-04-14T08:21:00.513Z] [INFO] [USER:67fcbf8cf2d8c7438c53bf03] ⏰ Running scheduled email check
[2025-04-14T08:21:02.521Z] [INFO] [USER:67fcbf8cf2d8c7438c53bf03] 🎉 Processed 0 invoices
[2025-04-14T08:21:02.530Z] [INFO] [USER:67f8979439d6c236ad756b0a] 🎉 Processed 0 invoices
[2025-04-14T08:23:00.484Z] [INFO] [USER:67f8979439d6c236ad756b0a] ⏰ Running scheduled email check
[2025-04-14T08:23:00.486Z] [INFO] [USER:67fcbf8cf2d8c7438c53bf03] ⏰ Running scheduled email check
[2025-04-14T08:23:02.502Z] [INFO] [USER:67fcbf8cf2d8c7438c53bf03] 🎉 Processed 0 invoices
[2025-04-14T08:23:02.504Z] [INFO] [USER:67f8979439d6c236ad756b0a] 🎉 Processed 0 invoices
[2025-04-14T08:24:00.911Z] [INFO] [USER:67f8979439d6c236ad756b0a] ⏰ Running scheduled email check
[2025-04-14T08:24:00.913Z] [INFO] [USER:67fcbf8cf2d8c7438c53bf03] ⏰ Running scheduled email check
[2025-04-14T08:24:02.894Z] [INFO] [USER:67f8979439d6c236ad756b0a] 🎉 Processed 0 invoices
[2025-04-14T08:24:02.925Z] [INFO] [USER:67fcbf8cf2d8c7438c53bf03] 🎉 Processed 0 invoices
[2025-04-14T08:25:00.281Z] [INFO] [USER:67f8979439d6c236ad756b0a] ⏰ Running scheduled email check
[2025-04-14T08:25:00.283Z] [INFO] [USER:67fcbf8cf2d8c7438c53bf03] ⏰ Running scheduled email check
[2025-04-14T08:25:02.250Z] [INFO] [USER:67fcbf8cf2d8c7438c53bf03] 🎉 Processed 0 invoices
[2025-04-14T08:25:02.310Z] [INFO] [USER:67f8979439d6c236ad756b0a] 🎉 Processed 0 invoices
[2025-04-14T08:26:00.688Z] [INFO] [USER:67f8979439d6c236ad756b0a] ⏰ Running scheduled email check
[2025-04-14T08:26:00.690Z] [INFO] [USER:67fcbf8cf2d8c7438c53bf03] ⏰ Running scheduled email check
[2025-04-14T08:26:02.651Z] [INFO] [USER:67fcbf8cf2d8c7438c53bf03] 🎉 Processed 0 invoices
[2025-04-14T08:26:02.698Z] [INFO] [USER:67f8979439d6c236ad756b0a] 🎉 Processed 0 invoices
[2025-04-14T08:27:00.148Z] [INFO] [USER:67f8979439d6c236ad756b0a] ⏰ Running scheduled email check
[2025-04-14T08:27:00.150Z] [INFO] [USER:67fcbf8cf2d8c7438c53bf03] ⏰ Running scheduled email check
[2025-04-14T08:27:02.120Z] [INFO] [USER:67f8979439d6c236ad756b0a] 🎉 Processed 0 invoices
[2025-04-14T08:27:02.222Z] [INFO] [USER:67fcbf8cf2d8c7438c53bf03] 🎉 Processed 0 invoices
[2025-04-14T08:28:00.562Z] [INFO] [USER:67f8979439d6c236ad756b0a] ⏰ Running scheduled email check
[2025-04-14T08:28:00.564Z] [INFO] [USER:67fcbf8cf2d8c7438c53bf03] ⏰ Running scheduled email check
[2025-04-14T08:28:02.632Z] [INFO] [USER:67fcbf8cf2d8c7438c53bf03] 🎉 Processed 0 invoices
[2025-04-14T08:28:02.653Z] [INFO] [USER:67f8979439d6c236ad756b0a] 🎉 Processed 0 invoices
[2025-04-14T08:29:00.999Z] [INFO] [USER:67f8979439d6c236ad756b0a] ⏰ Running scheduled email check
[2025-04-14T08:29:03.055Z] [INFO] [USER:67f8979439d6c236ad756b0a] 🎉 Processed 0 invoices
[2025-04-14T08:30:00.436Z] [INFO] [USER:67f8979439d6c236ad756b0a] ⏰ Running scheduled email check
[2025-04-14T08:30:00.438Z] [INFO] [USER:67fcbf8cf2d8c7438c53bf03] ⏰ Running scheduled email check
[2025-04-14T08:30:02.412Z] [INFO] [USER:67f8979439d6c236ad756b0a] 🎉 Processed 0 invoices
[2025-04-14T08:30:02.473Z] [INFO] [USER:67fcbf8cf2d8c7438c53bf03] 🎉 Processed 0 invoices
[2025-04-14T08:31:00.930Z] [INFO] [USER:67f8979439d6c236ad756b0a] ⏰ Running scheduled email check
[2025-04-14T08:31:00.932Z] [INFO] [USER:67fcbf8cf2d8c7438c53bf03] ⏰ Running scheduled email check
[2025-04-14T08:31:02.920Z] [INFO] [USER:67fcbf8cf2d8c7438c53bf03] 🎉 Processed 0 invoices
[2025-04-14T08:31:03.001Z] [INFO] [USER:67f8979439d6c236ad756b0a] 🎉 Processed 0 invoices
[2025-04-14T08:32:00.437Z] [INFO] [USER:67f8979439d6c236ad756b0a] ⏰ Running scheduled email check
[2025-04-14T08:32:00.439Z] [INFO] [USER:67fcbf8cf2d8c7438c53bf03] ⏰ Running scheduled email check
[2025-04-14T08:32:02.472Z] [INFO] [USER:67f8979439d6c236ad756b0a] 🎉 Processed 0 invoices
[2025-04-14T08:32:02.681Z] [INFO] [USER:67fcbf8cf2d8c7438c53bf03] 🎉 Processed 0 invoices
[2025-04-14T08:33:00.825Z] [INFO] [USER:67f8979439d6c236ad756b0a] ⏰ Running scheduled email check
[2025-04-14T08:33:00.826Z] [INFO] [USER:67fcbf8cf2d8c7438c53bf03] ⏰ Running scheduled email check
[2025-04-14T08:33:03.419Z] [INFO] [USER:67f8979439d6c236ad756b0a] 🎉 Processed 0 invoices
[2025-04-14T08:33:03.547Z] [INFO] [USER:67fcbf8cf2d8c7438c53bf03] 🎉 Processed 0 invoices
[2025-04-14T08:34:00.199Z] [INFO] [USER:67f8979439d6c236ad756b0a] ⏰ Running scheduled email check
[2025-04-14T08:34:00.202Z] [INFO] [USER:67fcbf8cf2d8c7438c53bf03] ⏰ Running scheduled email check
[2025-04-14T08:34:02.933Z] [INFO] [USER:67f8979439d6c236ad756b0a] 🎉 Processed 0 invoices
[2025-04-14T08:34:03.018Z] [INFO] [USER:67fcbf8cf2d8c7438c53bf03] 🎉 Processed 0 invoices
[2025-04-14T08:35:00.621Z] [INFO] [USER:67f8979439d6c236ad756b0a] ⏰ Running scheduled email check
[2025-04-14T08:35:00.623Z] [INFO] [USER:67fcbf8cf2d8c7438c53bf03] ⏰ Running scheduled email check
[2025-04-14T08:35:02.755Z] [INFO] [USER:67fcbf8cf2d8c7438c53bf03] 🎉 Processed 0 invoices
[2025-04-14T08:35:02.765Z] [INFO] [USER:67f8979439d6c236ad756b0a] 🎉 Processed 0 invoices
[2025-04-14T08:36:00.010Z] [INFO] [USER:67f8979439d6c236ad756b0a] ⏰ Running scheduled email check
[2025-04-14T08:36:00.012Z] [INFO] [USER:67fcbf8cf2d8c7438c53bf03] ⏰ Running scheduled email check
[2025-04-14T08:36:02.170Z] [INFO] [USER:67fcbf8cf2d8c7438c53bf03] 🎉 Processed 0 invoices
[2025-04-14T08:36:02.189Z] [INFO] [USER:67f8979439d6c236ad756b0a] 🎉 Processed 0 invoices
[2025-04-14T08:37:00.473Z] [INFO] [USER:67f8979439d6c236ad756b0a] ⏰ Running scheduled email check
[2025-04-14T08:37:00.475Z] [INFO] [USER:67fcbf8cf2d8c7438c53bf03] ⏰ Running scheduled email check
[2025-04-14T08:37:02.473Z] [INFO] [USER:67f8979439d6c236ad756b0a] 🎉 Processed 0 invoices
[2025-04-14T08:37:02.476Z] [INFO] [USER:67fcbf8cf2d8c7438c53bf03] 🎉 Processed 0 invoices
[2025-04-14T08:38:00.928Z] [INFO] [USER:67f8979439d6c236ad756b0a] ⏰ Running scheduled email check
[2025-04-14T08:38:00.930Z] [INFO] [USER:67fcbf8cf2d8c7438c53bf03] ⏰ Running scheduled email check
[2025-04-14T08:38:02.950Z] [INFO] [USER:67f8979439d6c236ad756b0a] 🎉 Processed 0 invoices
[2025-04-14T08:38:03.066Z] [INFO] [USER:67fcbf8cf2d8c7438c53bf03] 🎉 Processed 0 invoices
[2025-04-14T08:39:00.335Z] [INFO] [USER:67f8979439d6c236ad756b0a] ⏰ Running scheduled email check
[2025-04-14T08:39:00.337Z] [INFO] [USER:67fcbf8cf2d8c7438c53bf03] ⏰ Running scheduled email check
[2025-04-14T08:39:02.907Z] [INFO] [USER:67f8979439d6c236ad756b0a] 🎉 Processed 0 invoices
[2025-04-14T08:39:02.923Z] [INFO] [USER:67fcbf8cf2d8c7438c53bf03] 🎉 Processed 0 invoices
[2025-04-14T08:40:00.759Z] [INFO] [USER:67f8979439d6c236ad756b0a] ⏰ Running scheduled email check
[2025-04-14T08:40:00.761Z] [INFO] [USER:67fcbf8cf2d8c7438c53bf03] ⏰ Running scheduled email check
[2025-04-14T08:40:03.459Z] [INFO] [USER:67fcbf8cf2d8c7438c53bf03] 🎉 Processed 0 invoices
[2025-04-14T08:40:03.460Z] [INFO] [USER:67f8979439d6c236ad756b0a] 🎉 Processed 0 invoices
[2025-04-14T08:41:00.200Z] [INFO] [USER:67f8979439d6c236ad756b0a] ⏰ Running scheduled email check
[2025-04-14T08:41:00.202Z] [INFO] [USER:67fcbf8cf2d8c7438c53bf03] ⏰ Running scheduled email check
[2025-04-14T08:41:21.238Z] [ERROR] [USER:67fcbf8cf2d8c7438c53bf03] ❌ Scheduled job failed: connect ETIMEDOUT 2404:6800:4003:c1a::6d:993
[2025-04-14T08:41:21.238Z] [ERROR] [USER:67f8979439d6c236ad756b0a] ❌ Scheduled job failed: connect ETIMEDOUT 2404:6800:4003:c1a::6d:993
[2025-04-14T08:42:00.639Z] [INFO] [USER:67f8979439d6c236ad756b0a] ⏰ Running scheduled email check
[2025-04-14T08:42:00.641Z] [INFO] [USER:67fcbf8cf2d8c7438c53bf03] ⏰ Running scheduled email check
[2025-04-14T08:42:21.704Z] [ERROR] [USER:67fcbf8cf2d8c7438c53bf03] ❌ Scheduled job failed: connect ETIMEDOUT 2404:6800:4003:c1a::6d:993
[2025-04-14T08:42:21.705Z] [ERROR] [USER:67f8979439d6c236ad756b0a] ❌ Scheduled job failed: connect ETIMEDOUT 2404:6800:4003:c1a::6d:993
[2025-04-14T08:43:00.044Z] [INFO] [USER:67f8979439d6c236ad756b0a] ⏰ Running scheduled email check
[2025-04-14T08:43:00.045Z] [INFO] [USER:67fcbf8cf2d8c7438c53bf03] ⏰ Running scheduled email check
[2025-04-14T08:43:17.774Z] [INFO] [USER:67fcbf8cf2d8c7438c53bf03] 🎉 Processed 0 invoices
[2025-04-14T08:43:17.861Z] [INFO] [USER:67f8979439d6c236ad756b0a] 🎉 Processed 0 invoices
[2025-04-14T08:44:00.428Z] [INFO] [USER:67f8979439d6c236ad756b0a] ⏰ Running scheduled email check
[2025-04-14T08:44:00.430Z] [INFO] [USER:67fcbf8cf2d8c7438c53bf03] ⏰ Running scheduled email check
[2025-04-14T08:44:21.497Z] [ERROR] [USER:67fcbf8cf2d8c7438c53bf03] ❌ Scheduled job failed: connect ETIMEDOUT 2404:6800:4003:c03::6c:993
[2025-04-14T08:44:21.498Z] [ERROR] [USER:67f8979439d6c236ad756b0a] ❌ Scheduled job failed: connect ETIMEDOUT 2404:6800:4003:c03::6c:993
[2025-04-14T08:45:00.919Z] [INFO] [USER:67f8979439d6c236ad756b0a] ⏰ Running scheduled email check
[2025-04-14T08:45:00.922Z] [INFO] [USER:67fcbf8cf2d8c7438c53bf03] ⏰ Running scheduled email check
[2025-04-14T08:45:02.966Z] [INFO] [USER:67f8979439d6c236ad756b0a] 🎉 Processed 0 invoices
[2025-04-14T08:45:02.987Z] [INFO] [USER:67fcbf8cf2d8c7438c53bf03] 🎉 Processed 0 invoices
[2025-04-14T08:46:00.369Z] [INFO] [USER:67f8979439d6c236ad756b0a] ⏰ Running scheduled email check
[2025-04-14T08:46:00.372Z] [INFO] [USER:67fcbf8cf2d8c7438c53bf03] ⏰ Running scheduled email check
[2025-04-14T08:46:02.299Z] [INFO] [USER:67fcbf8cf2d8c7438c53bf03] 🎉 Processed 0 invoices
[2025-04-14T08:46:02.342Z] [INFO] [USER:67f8979439d6c236ad756b0a] 🎉 Processed 0 invoices
[2025-04-14T08:47:00.871Z] [INFO] [USER:67f8979439d6c236ad756b0a] ⏰ Running scheduled email check
[2025-04-14T08:47:00.873Z] [INFO] [USER:67fcbf8cf2d8c7438c53bf03] ⏰ Running scheduled email check
[2025-04-14T08:47:02.756Z] [INFO] [USER:67f8979439d6c236ad756b0a] 🎉 Processed 0 invoices
[2025-04-14T08:47:02.910Z] [INFO] [USER:67fcbf8cf2d8c7438c53bf03] 🎉 Processed 0 invoices
[2025-04-14T08:48:00.313Z] [INFO] [USER:67f8979439d6c236ad756b0a] ⏰ Running scheduled email check
[2025-04-14T08:48:00.315Z] [INFO] [USER:67fcbf8cf2d8c7438c53bf03] ⏰ Running scheduled email check
[2025-04-14T08:48:02.245Z] [INFO] [USER:67f8979439d6c236ad756b0a] 🎉 Processed 0 invoices
[2025-04-14T08:48:02.279Z] [INFO] [USER:67fcbf8cf2d8c7438c53bf03] 🎉 Processed 0 invoices
[2025-04-14T08:49:00.736Z] [INFO] [USER:67f8979439d6c236ad756b0a] ⏰ Running scheduled email check
[2025-04-14T08:49:00.737Z] [INFO] [USER:67fcbf8cf2d8c7438c53bf03] ⏰ Running scheduled email check
[2025-04-14T08:49:02.668Z] [INFO] [USER:67fcbf8cf2d8c7438c53bf03] 🎉 Processed 0 invoices
[2025-04-14T08:49:02.698Z] [INFO] [USER:67f8979439d6c236ad756b0a] 🎉 Processed 0 invoices
[2025-04-14T08:50:00.146Z] [INFO] [USER:67f8979439d6c236ad756b0a] ⏰ Running scheduled email check
[2025-04-14T08:50:00.176Z] [INFO] [USER:67fcbf8cf2d8c7438c53bf03] ⏰ Running scheduled email check
[2025-04-14T08:50:21.612Z] [ERROR] [USER:67fcbf8cf2d8c7438c53bf03] ❌ Scheduled job failed: connect ETIMEDOUT 2404:6800:4003:c05::6c:993
[2025-04-14T08:50:21.613Z] [ERROR] [USER:67f8979439d6c236ad756b0a] ❌ Scheduled job failed: connect ETIMEDOUT 2404:6800:4003:c05::6c:993
[2025-04-14T08:51:00.579Z] [INFO] [USER:67f8979439d6c236ad756b0a] ⏰ Running scheduled email check
[2025-04-14T08:51:00.610Z] [INFO] [USER:67fcbf8cf2d8c7438c53bf03] ⏰ Running scheduled email check
[2025-04-14T08:51:21.608Z] [ERROR] [USER:67f8979439d6c236ad756b0a] ❌ Scheduled job failed: connect ETIMEDOUT 2404:6800:4003:c05::6c:993
[2025-04-14T08:51:21.640Z] [ERROR] [USER:67fcbf8cf2d8c7438c53bf03] ❌ Scheduled job failed: connect ETIMEDOUT 2404:6800:4003:c05::6c:993
[2025-04-14T08:52:00.051Z] [INFO] [USER:67f8979439d6c236ad756b0a] ⏰ Running scheduled email check
[2025-04-14T08:52:00.082Z] [INFO] [USER:67fcbf8cf2d8c7438c53bf03] ⏰ Running scheduled email check
[2025-04-14T08:52:21.106Z] [ERROR] [USER:67f8979439d6c236ad756b0a] ❌ Scheduled job failed: connect ETIMEDOUT 2404:6800:4003:c05::6c:993
[2025-04-14T08:52:21.137Z] [ERROR] [USER:67fcbf8cf2d8c7438c53bf03] ❌ Scheduled job failed: connect ETIMEDOUT 2404:6800:4003:c05::6c:993
[2025-04-14T08:53:00.500Z] [INFO] [USER:67f8979439d6c236ad756b0a] ⏰ Running scheduled email check
[2025-04-14T08:53:00.530Z] [INFO] [USER:67fcbf8cf2d8c7438c53bf03] ⏰ Running scheduled email check
[2025-04-14T08:53:21.567Z] [ERROR] [USER:67f8979439d6c236ad756b0a] ❌ Scheduled job failed: connect ETIMEDOUT 2404:6800:4003:c05::6c:993
[2025-04-14T08:53:21.582Z] [ERROR] [USER:67fcbf8cf2d8c7438c53bf03] ❌ Scheduled job failed: connect ETIMEDOUT 2404:6800:4003:c05::6c:993
[2025-04-14T08:54:00.855Z] [INFO] [USER:67f8979439d6c236ad756b0a] ⏰ Running scheduled email check
[2025-04-14T08:54:00.871Z] [INFO] [USER:67fcbf8cf2d8c7438c53bf03] ⏰ Running scheduled email check
[2025-04-14T08:54:21.906Z] [ERROR] [USER:67f8979439d6c236ad756b0a] ❌ Scheduled job failed: connect ETIMEDOUT 2404:6800:4003:c05::6c:993
[2025-04-14T08:54:21.922Z] [ERROR] [USER:67fcbf8cf2d8c7438c53bf03] ❌ Scheduled job failed: connect ETIMEDOUT 2404:6800:4003:c05::6c:993
[2025-04-14T08:55:00.234Z] [INFO] [USER:67f8979439d6c236ad756b0a] ⏰ Running scheduled email check
[2025-04-14T08:55:00.236Z] [INFO] [USER:67fcbf8cf2d8c7438c53bf03] ⏰ Running scheduled email check
[2025-04-14T08:55:21.629Z] [ERROR] [USER:67f8979439d6c236ad756b0a] ❌ Scheduled job failed: connect ETIMEDOUT 2404:6800:4003:c1c::6d:993
[2025-04-14T08:55:21.630Z] [ERROR] [USER:67fcbf8cf2d8c7438c53bf03] ❌ Scheduled job failed: connect ETIMEDOUT 2404:6800:4003:c1c::6d:993
[2025-04-14T08:56:00.602Z] [INFO] [USER:67f8979439d6c236ad756b0a] ⏰ Running scheduled email check
[2025-04-14T08:56:00.604Z] [INFO] [USER:67fcbf8cf2d8c7438c53bf03] ⏰ Running scheduled email check
[2025-04-14T08:56:21.637Z] [ERROR] [USER:67f8979439d6c236ad756b0a] ❌ Scheduled job failed: connect ETIMEDOUT 2404:6800:4003:c1c::6d:993
[2025-04-14T08:56:21.638Z] [ERROR] [USER:67fcbf8cf2d8c7438c53bf03] ❌ Scheduled job failed: connect ETIMEDOUT 2404:6800:4003:c1c::6d:993
[2025-04-14T08:57:00.941Z] [INFO] [USER:67f8979439d6c236ad756b0a] ⏰ Running scheduled email check
[2025-04-14T08:57:00.943Z] [INFO] [USER:67fcbf8cf2d8c7438c53bf03] ⏰ Running scheduled email check
[2025-04-14T08:57:02.924Z] [INFO] [USER:67f8979439d6c236ad756b0a] 🎉 Processed 0 invoices
[2025-04-14T08:57:02.991Z] [INFO] [USER:67fcbf8cf2d8c7438c53bf03] 🎉 Processed 0 invoices
[2025-04-14T08:58:00.550Z] [INFO] [USER:67f8979439d6c236ad756b0a] ⏰ Running scheduled email check
[2025-04-14T08:58:00.552Z] [INFO] [USER:67fcbf8cf2d8c7438c53bf03] ⏰ Running scheduled email check
[2025-04-14T08:58:18.160Z] [INFO] [USER:67f8979439d6c236ad756b0a] 🎉 Processed 0 invoices
[2025-04-14T08:58:18.191Z] [INFO] [USER:67fcbf8cf2d8c7438c53bf03] 🎉 Processed 0 invoices
[2025-04-14T08:59:00.960Z] [INFO] [USER:67f8979439d6c236ad756b0a] ⏰ Running scheduled email check
[2025-04-14T08:59:00.963Z] [INFO] [USER:67fcbf8cf2d8c7438c53bf03] ⏰ Running scheduled email check
[2025-04-14T08:59:03.575Z] [INFO] [USER:67fcbf8cf2d8c7438c53bf03] 🎉 Processed 0 invoices
[2025-04-14T08:59:03.647Z] [INFO] [USER:67f8979439d6c236ad756b0a] 🎉 Processed 0 invoices
[2025-04-14T09:00:00.261Z] [INFO] [USER:67f8979439d6c236ad756b0a] ⏰ Running scheduled email check
[2025-04-14T09:00:00.263Z] [INFO] [USER:67fcbf8cf2d8c7438c53bf03] ⏰ Running scheduled email check
[2025-04-14T09:00:03.200Z] [INFO] [USER:67f8979439d6c236ad756b0a] 🎉 Processed 0 invoices
[2025-04-14T09:00:03.201Z] [INFO] [USER:67fcbf8cf2d8c7438c53bf03] 🎉 Processed 0 invoices
[2025-04-14T09:01:00.603Z] [INFO] [USER:67f8979439d6c236ad756b0a] ⏰ Running scheduled email check
[2025-04-14T09:01:00.605Z] [INFO] [USER:67fcbf8cf2d8c7438c53bf03] ⏰ Running scheduled email check
[2025-04-14T09:01:03.521Z] [INFO] [USER:67f8979439d6c236ad756b0a] 🎉 Processed 0 invoices
[2025-04-14T09:01:03.551Z] [INFO] [USER:67fcbf8cf2d8c7438c53bf03] 🎉 Processed 0 invoices
[2025-04-14T09:02:00.951Z] [INFO] [USER:67f8979439d6c236ad756b0a] ⏰ Running scheduled email check
[2025-04-14T09:02:00.953Z] [INFO] [USER:67fcbf8cf2d8c7438c53bf03] ⏰ Running scheduled email check
[2025-04-14T09:02:03.771Z] [INFO] [USER:67fcbf8cf2d8c7438c53bf03] 🎉 Processed 0 invoices
[2025-04-14T09:02:03.858Z] [INFO] [USER:67f8979439d6c236ad756b0a] 🎉 Processed 0 invoices
[2025-04-25T06:52:52.822Z] [INFO] [USER:67f8979439d6c236ad756b0a] 📧 Found invoice-related content in email body
[2025-04-25T06:52:52.857Z] [ERROR] [USER:67f8979439d6c236ad756b0a] ❌ Invoice save failed: Missing invoice number
[2025-04-25T06:53:00.406Z] [INFO] [USER:67f8979439d6c236ad756b0a] 📧 Found invoice-related content in email body
[2025-04-25T06:53:00.408Z] [ERROR] [USER:67f8979439d6c236ad756b0a] ❌ Invoice save failed: Missing invoice number
[2025-04-25T06:53:00.408Z] [INFO] [USER:67f8979439d6c236ad756b0a] 📎 Processing attachment: bdda7a23-1ff0-11f0-a345-582429ae0568.csv
[2025-04-25T06:53:00.415Z] [INFO] [USER:67f8979439d6c236ad756b0a] ⏰ Running scheduled email check
[2025-04-25T06:53:03.544Z] [INFO] [USER:67f8979439d6c236ad756b0a] 📎 Processing attachment: undefined
[2025-04-25T06:53:04.076Z] [INFO] [USER:67f8979439d6c236ad756b0a] 🚀 Initial processing completed: 0 invoices
[2025-04-25T06:53:05.511Z] [INFO] [USER:67f8979439d6c236ad756b0a] 🎉 Processed 0 invoices
[2025-04-25T06:55:55.127Z] [INFO] [USER:67f8979439d6c236ad756b0a] 🚀 Initial processing completed: 0 invoices
[2025-04-25T06:56:00.576Z] [INFO] [USER:67f8979439d6c236ad756b0a] ⏰ Running scheduled email check
[2025-04-25T06:56:02.941Z] [INFO] [USER:67f8979439d6c236ad756b0a] 🎉 Processed 0 invoices
[2025-04-25T06:57:00.088Z] [INFO] [USER:67f8979439d6c236ad756b0a] ⏰ Running scheduled email check
[2025-04-25T06:57:02.546Z] [INFO] [USER:67f8979439d6c236ad756b0a] 🎉 Processed 0 invoices
[2025-04-25T06:58:00.739Z] [INFO] [USER:67f8979439d6c236ad756b0a] ⏰ Running scheduled email check
[2025-04-25T06:58:03.152Z] [INFO] [USER:67f8979439d6c236ad756b0a] 🎉 Processed 0 invoices
[2025-05-01T16:14:33.695Z] [INFO] [USER:67f8979439d6c236ad756b0a] 🚀 Initial processing completed: 0 invoices
[2025-05-01T16:15:00.289Z] [INFO] [USER:67f8979439d6c236ad756b0a] ⏰ Running scheduled email check
[2025-05-01T16:15:02.287Z] [INFO] [USER:67f8979439d6c236ad756b0a] 🎉 Processed 0 invoices
[2025-05-01T16:16:00.676Z] [INFO] [USER:67f8979439d6c236ad756b0a] ⏰ Running scheduled email check
[2025-05-01T16:16:02.681Z] [INFO] [USER:67f8979439d6c236ad756b0a] 🎉 Processed 0 invoices
[2025-05-01T16:17:00.126Z] [INFO] [USER:67f8979439d6c236ad756b0a] ⏰ Running scheduled email check
[2025-05-01T16:17:02.660Z] [INFO] [USER:67f8979439d6c236ad756b0a] 🎉 Processed 0 invoices
[2025-05-01T16:18:00.576Z] [INFO] [USER:67f8979439d6c236ad756b0a] ⏰ Running scheduled email check
[2025-05-01T16:18:02.562Z] [INFO] [USER:67f8979439d6c236ad756b0a] 🎉 Processed 0 invoices
[2025-05-01T16:19:00.038Z] [INFO] [USER:67f8979439d6c236ad756b0a] ⏰ Running scheduled email check
[2025-05-01T16:19:03.663Z] [INFO] [USER:67f8979439d6c236ad756b0a] 🎉 Processed 0 invoices
[2025-05-01T16:20:00.483Z] [INFO] [USER:67f8979439d6c236ad756b0a] ⏰ Running scheduled email check
[2025-05-01T16:20:02.406Z] [INFO] [USER:67f8979439d6c236ad756b0a] 🎉 Processed 0 invoices
[2025-05-01T16:21:00.976Z] [INFO] [USER:67f8979439d6c236ad756b0a] ⏰ Running scheduled email check
[2025-05-01T16:21:03.736Z] [INFO] [USER:67f8979439d6c236ad756b0a] 🎉 Processed 0 invoices
[2025-05-01T16:22:00.435Z] [INFO] [USER:67f8979439d6c236ad756b0a] ⏰ Running scheduled email check
[2025-05-01T16:22:02.467Z] [INFO] [USER:67f8979439d6c236ad756b0a] 🎉 Processed 0 invoices
[2025-05-01T16:23:00.863Z] [INFO] [USER:67f8979439d6c236ad756b0a] ⏰ Running scheduled email check
[2025-05-01T16:23:03.098Z] [INFO] [USER:67f8979439d6c236ad756b0a] 🎉 Processed 0 invoices
[2025-05-01T16:24:00.423Z] [INFO] [USER:67f8979439d6c236ad756b0a] ⏰ Running scheduled email check
[2025-05-01T16:24:03.374Z] [INFO] [USER:67f8979439d6c236ad756b0a] 🎉 Processed 0 invoices
[2025-05-01T16:25:00.944Z] [INFO] [USER:67f8979439d6c236ad756b0a] ⏰ Running scheduled email check
[2025-05-01T16:25:03.164Z] [INFO] [USER:67f8979439d6c236ad756b0a] 🎉 Processed 0 invoices
[2025-05-01T16:26:00.357Z] [INFO] [USER:67f8979439d6c236ad756b0a] ⏰ Running scheduled email check
[2025-05-01T16:26:02.476Z] [INFO] [USER:67f8979439d6c236ad756b0a] 🎉 Processed 0 invoices
[2025-05-01T16:27:00.802Z] [INFO] [USER:67f8979439d6c236ad756b0a] ⏰ Running scheduled email check
[2025-05-01T16:27:03.603Z] [INFO] [USER:67f8979439d6c236ad756b0a] 🎉 Processed 0 invoices
[2025-05-01T16:28:00.254Z] [INFO] [USER:67f8979439d6c236ad756b0a] ⏰ Running scheduled email check
[2025-05-01T16:45:22.661Z] [ERROR] [USER:67f8979439d6c236ad756b0a] ❌ Scheduled job failed: read ECONNRESET
[2025-05-01T16:50:00.788Z] [INFO] [USER:67f8979439d6c236ad756b0a] ⏰ Running scheduled email check
[2025-05-01T16:50:02.895Z] [INFO] [USER:67f8979439d6c236ad756b0a] 🎉 Processed 0 invoices
[2025-05-01T16:51:00.243Z] [INFO] [USER:67f8979439d6c236ad756b0a] ⏰ Running scheduled email check
[2025-05-01T16:51:02.615Z] [INFO] [USER:67f8979439d6c236ad756b0a] 🎉 Processed 0 invoices
[2025-05-01T16:52:00.669Z] [INFO] [USER:67f8979439d6c236ad756b0a] ⏰ Running scheduled email check
[2025-05-01T16:52:03.429Z] [INFO] [USER:67f8979439d6c236ad756b0a] 🎉 Processed 0 invoices
[2025-05-01T16:53:00.075Z] [INFO] [USER:67f8979439d6c236ad756b0a] ⏰ Running scheduled email check
[2025-05-01T16:53:02.825Z] [INFO] [USER:67f8979439d6c236ad756b0a] 🎉 Processed 0 invoices
[2025-05-01T16:54:00.523Z] [INFO] [USER:67f8979439d6c236ad756b0a] ⏰ Running scheduled email check
[2025-05-01T16:54:03.587Z] [INFO] [USER:67f8979439d6c236ad756b0a] 🎉 Processed 0 invoices
[2025-05-01T16:55:00.893Z] [INFO] [USER:67f8979439d6c236ad756b0a] ⏰ Running scheduled email check
[2025-05-01T16:55:03.470Z] [INFO] [USER:67f8979439d6c236ad756b0a] 🎉 Processed 0 invoices
[2025-05-01T16:56:00.293Z] [INFO] [USER:67f8979439d6c236ad756b0a] ⏰ Running scheduled email check
[2025-05-01T16:56:03.052Z] [INFO] [USER:67f8979439d6c236ad756b0a] 🎉 Processed 0 invoices
[2025-05-01T16:58:00.891Z] [INFO] [USER:67f8979439d6c236ad756b0a] ⏰ Running scheduled email check
[2025-05-01T16:58:03.092Z] [INFO] [USER:67f8979439d6c236ad756b0a] 🎉 Processed 0 invoices
[2025-05-01T16:59:00.437Z] [INFO] [USER:67f8979439d6c236ad756b0a] ⏰ Running scheduled email check
[2025-05-01T16:59:02.359Z] [INFO] [USER:67f8979439d6c236ad756b0a] 🎉 Processed 0 invoices
[2025-05-01T17:00:00.898Z] [INFO] [USER:67f8979439d6c236ad756b0a] ⏰ Running scheduled email check
[2025-05-01T17:00:02.898Z] [INFO] [USER:67f8979439d6c236ad756b0a] 🎉 Processed 0 invoices
[2025-05-01T17:01:00.460Z] [INFO] [USER:67f8979439d6c236ad756b0a] ⏰ Running scheduled email check
[2025-05-01T17:01:02.537Z] [INFO] [USER:67f8979439d6c236ad756b0a] 🎉 Processed 0 invoices
[2025-05-01T17:02:00.933Z] [INFO] [USER:67f8979439d6c236ad756b0a] ⏰ Running scheduled email check
[2025-05-01T17:02:02.923Z] [INFO] [USER:67f8979439d6c236ad756b0a] 🎉 Processed 0 invoices
[2025-05-01T17:03:00.444Z] [INFO] [USER:67f8979439d6c236ad756b0a] ⏰ Running scheduled email check
[2025-05-01T17:03:02.677Z] [INFO] [USER:67f8979439d6c236ad756b0a] 🎉 Processed 0 invoices
[2025-05-01T17:04:00.852Z] [INFO] [USER:67f8979439d6c236ad756b0a] ⏰ Running scheduled email check
[2025-05-01T17:04:03.084Z] [INFO] [USER:67f8979439d6c236ad756b0a] 🎉 Processed 0 invoices
[2025-05-01T17:05:00.222Z] [INFO] [USER:67f8979439d6c236ad756b0a] ⏰ Running scheduled email check
[2025-05-01T17:05:02.422Z] [INFO] [USER:67f8979439d6c236ad756b0a] 🎉 Processed 0 invoices
[2025-05-01T17:06:00.705Z] [INFO] [USER:67f8979439d6c236ad756b0a] ⏰ Running scheduled email check
[2025-05-01T17:06:02.725Z] [INFO] [USER:67f8979439d6c236ad756b0a] 🎉 Processed 0 invoices
[2025-05-01T17:07:00.099Z] [INFO] [USER:67f8979439d6c236ad756b0a] ⏰ Running scheduled email check
[2025-05-01T17:07:02.121Z] [INFO] [USER:67f8979439d6c236ad756b0a] 🎉 Processed 0 invoices
[2025-05-01T17:08:00.596Z] [INFO] [USER:67f8979439d6c236ad756b0a] ⏰ Running scheduled email check
[2025-05-01T17:08:02.507Z] [INFO] [USER:67f8979439d6c236ad756b0a] 🎉 Processed 0 invoices
[2025-05-01T17:09:00.033Z] [INFO] [USER:67f8979439d6c236ad756b0a] ⏰ Running scheduled email check
[2025-05-01T17:09:02.199Z] [INFO] [USER:67f8979439d6c236ad756b0a] 🎉 Processed 0 invoices
[2025-05-01T17:10:00.506Z] [INFO] [USER:67f8979439d6c236ad756b0a] ⏰ Running scheduled email check
[2025-05-01T17:10:02.432Z] [INFO] [USER:67f8979439d6c236ad756b0a] 🎉 Processed 0 invoices
[2025-05-01T17:11:00.946Z] [INFO] [USER:67f8979439d6c236ad756b0a] ⏰ Running scheduled email check
[2025-05-01T17:11:02.961Z] [INFO] [USER:67f8979439d6c236ad756b0a] 🎉 Processed 0 invoices
[2025-05-01T17:12:00.305Z] [INFO] [USER:67f8979439d6c236ad756b0a] ⏰ Running scheduled email check
[2025-05-01T17:12:02.428Z] [INFO] [USER:67f8979439d6c236ad756b0a] 🎉 Processed 0 invoices
[2025-05-01T17:13:00.649Z] [INFO] [USER:67f8979439d6c236ad756b0a] ⏰ Running scheduled email check
[2025-05-01T17:13:02.607Z] [INFO] [USER:67f8979439d6c236ad756b0a] 🎉 Processed 0 invoices
[2025-05-01T17:14:00.060Z] [INFO] [USER:67f8979439d6c236ad756b0a] ⏰ Running scheduled email check
[2025-05-01T17:14:02.237Z] [INFO] [USER:67f8979439d6c236ad756b0a] 🎉 Processed 0 invoices
[2025-05-01T17:15:00.494Z] [INFO] [USER:67f8979439d6c236ad756b0a] ⏰ Running scheduled email check
[2025-05-01T17:15:02.442Z] [INFO] [USER:67f8979439d6c236ad756b0a] 🎉 Processed 0 invoices
[2025-05-01T17:16:00.039Z] [INFO] [USER:67f8979439d6c236ad756b0a] ⏰ Running scheduled email check
[2025-05-01T17:16:02.151Z] [INFO] [USER:67f8979439d6c236ad756b0a] 🎉 Processed 0 invoices
[2025-05-01T17:17:00.612Z] [INFO] [USER:67f8979439d6c236ad756b0a] ⏰ Running scheduled email check
[2025-05-01T17:17:03.411Z] [INFO] [USER:67f8979439d6c236ad756b0a] 🎉 Processed 0 invoices
[2025-05-01T17:18:00.125Z] [INFO] [USER:67f8979439d6c236ad756b0a] ⏰ Running scheduled email check
[2025-05-01T17:18:02.773Z] [INFO] [USER:67f8979439d6c236ad756b0a] 🎉 Processed 0 invoices
[2025-05-01T17:19:00.856Z] [INFO] [USER:67f8979439d6c236ad756b0a] ⏰ Running scheduled email check
[2025-05-01T17:19:03.714Z] [INFO] [USER:67f8979439d6c236ad756b0a] 🎉 Processed 0 invoices
[2025-05-01T17:20:00.507Z] [INFO] [USER:67f8979439d6c236ad756b0a] ⏰ Running scheduled email check
[2025-05-01T17:20:03.263Z] [INFO] [USER:67f8979439d6c236ad756b0a] 🎉 Processed 0 invoices
[2025-05-01T17:21:00.136Z] [INFO] [USER:67f8979439d6c236ad756b0a] ⏰ Running scheduled email check
[2025-05-01T17:21:02.650Z] [INFO] [USER:67f8979439d6c236ad756b0a] 🎉 Processed 0 invoices
[2025-05-01T17:22:00.735Z] [INFO] [USER:67f8979439d6c236ad756b0a] ⏰ Running scheduled email check
[2025-05-01T17:22:02.715Z] [INFO] [USER:67f8979439d6c236ad756b0a] 🎉 Processed 0 invoices
[2025-05-01T17:23:00.321Z] [INFO] [USER:67f8979439d6c236ad756b0a] ⏰ Running scheduled email check
[2025-05-01T17:23:02.457Z] [INFO] [USER:67f8979439d6c236ad756b0a] 🎉 Processed 0 invoices
[2025-05-01T17:24:00.897Z] [INFO] [USER:67f8979439d6c236ad756b0a] ⏰ Running scheduled email check
[2025-05-01T17:24:03.078Z] [INFO] [USER:67f8979439d6c236ad756b0a] 🎉 Processed 0 invoices
[2025-05-01T17:25:00.438Z] [INFO] [USER:67f8979439d6c236ad756b0a] ⏰ Running scheduled email check
[2025-05-01T17:25:02.547Z] [INFO] [USER:67f8979439d6c236ad756b0a] 🎉 Processed 0 invoices
[2025-05-01T17:26:00.908Z] [INFO] [USER:67f8979439d6c236ad756b0a] ⏰ Running scheduled email check
[2025-05-01T17:26:03.161Z] [INFO] [USER:67f8979439d6c236ad756b0a] 🎉 Processed 0 invoices
[2025-05-01T17:27:00.348Z] [INFO] [USER:67f8979439d6c236ad756b0a] ⏰ Running scheduled email check
[2025-05-01T17:27:02.542Z] [INFO] [USER:67f8979439d6c236ad756b0a] 🎉 Processed 0 invoices
[2025-05-01T17:28:00.907Z] [INFO] [USER:67f8979439d6c236ad756b0a] ⏰ Running scheduled email check
[2025-05-01T17:28:02.923Z] [INFO] [USER:67f8979439d6c236ad756b0a] 🎉 Processed 0 invoices
[2025-05-01T17:29:00.428Z] [INFO] [USER:67f8979439d6c236ad756b0a] ⏰ Running scheduled email check
[2025-05-01T17:29:02.373Z] [INFO] [USER:67f8979439d6c236ad756b0a] 🎉 Processed 0 invoices
